# JRE version: OpenJDK Runtime Environment Microsoft-13106358 (17.0.18+8) (build 17.0.18+8-LTS)
# Java VM: OpenJDK 64-Bit Server VM Microsoft-13106358 (17.0.18+8-LTS, mixed mode, sharing, tiered, compressed oops, compressed class ptrs, parallel gc, windows-amd64)
GC Precious Log:
 CPUs: 16 total, 16 available
 Memory: 16221M
 Large Page Support: Disabled
 NUMA Support: Disabled
 Compressed Oops: Enabled (Zero based)
 Alignments: Space 512K, Generation 512K, Heap 2M
 Heap Min Capacity: 8M
 Heap Initial Capacity: 254M
 Heap Max Capacity: 4G
 Pre-touch: Disabled
 Parallel Workers: 13
Heap:
 PSYoungGen      total 115712K, used 56550K [0x00000007aab00000, 0x00000007b4380000, 0x0000000800000000)
  eden space 84992K, 47% used [0x00000007aab00000,0x00000007ad2a9960,0x00000007afe00000)
  from space 30720K, 51% used [0x00000007afe00000,0x00000007b0d90030,0x00000007b1c00000)
  to   space 29696K, 0% used [0x00000007b2680000,0x00000007b2680000,0x00000007b4380000)
 ParOldGen       total 303616K, used 237889K [0x0000000700000000, 0x0000000712880000, 0x00000007aab00000)
  object space 303616K, 78% used [0x0000000700000000,0x000000070e850598,0x0000000712880000)
 Metaspace       used 133072K, committed 134848K, reserved 983040K
  class space    used 18351K, committed 19200K, reserved 851968K
GC Heap History (20 events):
Event: 50.528 GC heap before
{Heap before GC invocations=27 (full 4):
 PSYoungGen      total 105472K, used 86616K [0x00000007aab00000, 0x00000007b2c80000, 0x0000000800000000)
  eden space 83456K, 100% used [0x00000007aab00000,0x00000007afc80000,0x00000007afc80000)
  from space 22016K, 14% used [0x00000007b1700000,0x00000007b1a161a8,0x00000007b2c80000)
  to   space 24576K, 0% used [0x00000007afc80000,0x00000007afc80000,0x00000007b1480000)
 ParOldGen       total 173568K, used 140073K [0x0000000700000000, 0x000000070a980000, 0x00000007aab00000)
  object space 173568K, 80% used [0x0000000700000000,0x00000007088ca558,0x000000070a980000)
 Metaspace       used 121344K, committed 122560K, reserved 983040K
  class space    used 16751K, committed 17344K, reserved 851968K
}
Event: 50.532 GC heap after
{Heap after GC invocations=27 (full 4):
 PSYoungGen      total 91136K, used 9264K [0x00000007aab00000, 0x00000007b2780000, 0x0000000800000000)
  eden space 81408K, 0% used [0x00000007aab00000,0x00000007aab00000,0x00000007afa80000)
  from space 9728K, 95% used [0x00000007afc80000,0x00000007b058c030,0x00000007b0600000)
  to   space 23040K, 0% used [0x00000007b1100000,0x00000007b1100000,0x00000007b2780000)
 ParOldGen       total 173568K, used 142965K [0x0000000700000000, 0x000000070a980000, 0x00000007aab00000)
  object space 173568K, 82% used [0x0000000700000000,0x0000000708b9d710,0x000000070a980000)
 Metaspace       used 121344K, committed 122560K, reserved 983040K
  class space    used 16751K, committed 17344K, reserved 851968K
}
Event: 51.708 GC heap before
{Heap before GC invocations=28 (full 4):
 PSYoungGen      total 91136K, used 90672K [0x00000007aab00000, 0x00000007b2780000, 0x0000000800000000)
  eden space 81408K, 100% used [0x00000007aab00000,0x00000007afa80000,0x00000007afa80000)
  from space 9728K, 95% used [0x00000007afc80000,0x00000007b058c030,0x00000007b0600000)
  to   space 23040K, 0% used [0x00000007b1100000,0x00000007b1100000,0x00000007b2780000)
 ParOldGen       total 173568K, used 142965K [0x0000000700000000, 0x000000070a980000, 0x00000007aab00000)
  object space 173568K, 82% used [0x0000000700000000,0x0000000708b9d710,0x000000070a980000)
 Metaspace       used 125778K, committed 127040K, reserved 983040K
  class space    used 17398K, committed 17984K, reserved 851968K
}
Event: 51.716 GC heap after
{Heap after GC invocations=28 (full 4):
 PSYoungGen      total 98304K, used 5787K [0x00000007aab00000, 0x00000007b2380000, 0x0000000800000000)
  eden space 79360K, 0% used [0x00000007aab00000,0x00000007aab00000,0x00000007af880000)
  from space 18944K, 30% used [0x00000007b1100000,0x00000007b16a6d48,0x00000007b2380000)
  to   space 22016K, 0% used [0x00000007af880000,0x00000007af880000,0x00000007b0e00000)
 ParOldGen       total 173568K, used 151912K [0x0000000700000000, 0x000000070a980000, 0x00000007aab00000)
  object space 173568K, 87% used [0x0000000700000000,0x000000070945a2f0,0x000000070a980000)
 Metaspace       used 125778K, committed 127040K, reserved 983040K
  class space    used 17398K, committed 17984K, reserved 851968K
}
Event: 53.131 GC heap before
{Heap before GC invocations=29 (full 4):
 PSYoungGen      total 98304K, used 85147K [0x00000007aab00000, 0x00000007b2380000, 0x0000000800000000)
  eden space 79360K, 100% used [0x00000007aab00000,0x00000007af880000,0x00000007af880000)
  from space 18944K, 30% used [0x00000007b1100000,0x00000007b16a6d48,0x00000007b2380000)
  to   space 22016K, 0% used [0x00000007af880000,0x00000007af880000,0x00000007b0e00000)
 ParOldGen       total 173568K, used 151912K [0x0000000700000000, 0x000000070a980000, 0x00000007aab00000)
  object space 173568K, 87% used [0x0000000700000000,0x000000070945a2f0,0x000000070a980000)
 Metaspace       used 128001K, committed 129280K, reserved 983040K
  class space    used 17746K, committed 18368K, reserved 851968K
}
Event: 53.138 GC heap after
{Heap after GC invocations=29 (full 4):
 PSYoungGen      total 88576K, used 10784K [0x00000007aab00000, 0x00000007b2080000, 0x0000000800000000)
  eden space 77312K, 0% used [0x00000007aab00000,0x00000007aab00000,0x00000007af680000)
  from space 11264K, 95% used [0x00000007af880000,0x00000007b0308000,0x00000007b0380000)
  to   space 21504K, 0% used [0x00000007b0b80000,0x00000007b0b80000,0x00000007b2080000)
 ParOldGen       total 173568K, used 157391K [0x0000000700000000, 0x000000070a980000, 0x00000007aab00000)
  object space 173568K, 90% used [0x0000000700000000,0x00000007099b3cf0,0x000000070a980000)
 Metaspace       used 128001K, committed 129280K, reserved 983040K
  class space    used 17746K, committed 18368K, reserved 851968K
}
Event: 54.641 GC heap before
{Heap before GC invocations=30 (full 4):
 PSYoungGen      total 88576K, used 88096K [0x00000007aab00000, 0x00000007b2080000, 0x0000000800000000)
  eden space 77312K, 100% used [0x00000007aab00000,0x00000007af680000,0x00000007af680000)
  from space 11264K, 95% used [0x00000007af880000,0x00000007b0308000,0x00000007b0380000)
  to   space 21504K, 0% used [0x00000007b0b80000,0x00000007b0b80000,0x00000007b2080000)
 ParOldGen       total 173568K, used 157391K [0x0000000700000000, 0x000000070a980000, 0x00000007aab00000)
  object space 173568K, 90% used [0x0000000700000000,0x00000007099b3cf0,0x000000070a980000)
 Metaspace       used 128733K, committed 130048K, reserved 983040K
  class space    used 17804K, committed 18432K, reserved 851968K
}
Event: 54.649 GC heap after
{Heap after GC invocations=30 (full 4):
 PSYoungGen      total 96768K, used 14150K [0x00000007aab00000, 0x00000007b2080000, 0x0000000800000000)
  eden space 75264K, 0% used [0x00000007aab00000,0x00000007aab00000,0x00000007af480000)
  from space 21504K, 65% used [0x00000007b0b80000,0x00000007b1951970,0x00000007b2080000)
  to   space 22528K, 0% used [0x00000007af480000,0x00000007af480000,0x00000007b0a80000)
 ParOldGen       total 173568K, used 167927K [0x0000000700000000, 0x000000070a980000, 0x00000007aab00000)
  object space 173568K, 96% used [0x0000000700000000,0x000000070a3fdf88,0x000000070a980000)
 Metaspace       used 128733K, committed 130048K, reserved 983040K
  class space    used 17804K, committed 18432K, reserved 851968K
}
Event: 56.010 GC heap before
{Heap before GC invocations=31 (full 5):
 PSYoungGen      total 96768K, used 89414K [0x00000007aab00000, 0x00000007b2080000, 0x0000000800000000)
  eden space 75264K, 100% used [0x00000007aab00000,0x00000007af480000,0x00000007af480000)
  from space 21504K, 65% used [0x00000007b0b80000,0x00000007b1951970,0x00000007b2080000)
  to   space 22528K, 0% used [0x00000007af480000,0x00000007af480000,0x00000007b0a80000)
 ParOldGen       total 173568K, used 167927K [0x0000000700000000, 0x000000070a980000, 0x00000007aab00000)
  object space 173568K, 96% used [0x0000000700000000,0x000000070a3fdf88,0x000000070a980000)
 Metaspace       used 129354K, committed 130752K, reserved 983040K
  class space    used 17878K, committed 18560K, reserved 851968K
}
Event: 56.190 GC heap after
{Heap after GC invocations=31 (full 5):
 PSYoungGen      total 97792K, used 13068K [0x00000007aab00000, 0x00000007b2780000, 0x0000000800000000)
  eden space 76288K, 0% used [0x00000007aab00000,0x00000007aab00000,0x00000007af580000)
  from space 21504K, 60% used [0x00000007b0b80000,0x00000007b1843150,0x00000007b2080000)
  to   space 22528K, 0% used [0x00000007af580000,0x00000007af580000,0x00000007b0b80000)
 ParOldGen       total 303616K, used 173538K [0x0000000700000000, 0x0000000712880000, 0x00000007aab00000)
  object space 303616K, 57% used [0x0000000700000000,0x000000070a978848,0x0000000712880000)
 Metaspace       used 129354K, committed 130752K, reserved 983040K
  class space    used 17878K, committed 18560K, reserved 851968K
}
Event: 57.493 GC heap before
{Heap before GC invocations=32 (full 5):
 PSYoungGen      total 97792K, used 89356K [0x00000007aab00000, 0x00000007b2780000, 0x0000000800000000)
  eden space 76288K, 100% used [0x00000007aab00000,0x00000007af580000,0x00000007af580000)
  from space 21504K, 60% used [0x00000007b0b80000,0x00000007b1843150,0x00000007b2080000)
  to   space 22528K, 0% used [0x00000007af580000,0x00000007af580000,0x00000007b0b80000)
 ParOldGen       total 303616K, used 173538K [0x0000000700000000, 0x0000000712880000, 0x00000007aab00000)
  object space 303616K, 57% used [0x0000000700000000,0x000000070a978848,0x0000000712880000)
 Metaspace       used 130693K, committed 132096K, reserved 983040K
  class space    used 18084K, committed 18752K, reserved 851968K
}
Event: 57.513 GC heap after
{Heap after GC invocations=32 (full 5):
 PSYoungGen      total 98816K, used 9708K [0x00000007aab00000, 0x00000007b2680000, 0x0000000800000000)
  eden space 76288K, 0% used [0x00000007aab00000,0x00000007aab00000,0x00000007af580000)
  from space 22528K, 43% used [0x00000007af580000,0x00000007afefb108,0x00000007b0b80000)
  to   space 20992K, 0% used [0x00000007b1200000,0x00000007b1200000,0x00000007b2680000)
 ParOldGen       total 303616K, used 186352K [0x0000000700000000, 0x0000000712880000, 0x00000007aab00000)
  object space 303616K, 61% used [0x0000000700000000,0x000000070b5fc2d0,0x0000000712880000)
 Metaspace       used 130693K, committed 132096K, reserved 983040K
  class space    used 18084K, committed 18752K, reserved 851968K
}
Event: 58.854 GC heap before
{Heap before GC invocations=33 (full 5):
 PSYoungGen      total 98816K, used 85996K [0x00000007aab00000, 0x00000007b2680000, 0x0000000800000000)
  eden space 76288K, 100% used [0x00000007aab00000,0x00000007af580000,0x00000007af580000)
  from space 22528K, 43% used [0x00000007af580000,0x00000007afefb108,0x00000007b0b80000)
  to   space 20992K, 0% used [0x00000007b1200000,0x00000007b1200000,0x00000007b2680000)
 ParOldGen       total 303616K, used 186352K [0x0000000700000000, 0x0000000712880000, 0x00000007aab00000)
  object space 303616K, 61% used [0x0000000700000000,0x000000070b5fc2d0,0x0000000712880000)
 Metaspace       used 131158K, committed 132608K, reserved 983040K
  class space    used 18140K, committed 18816K, reserved 851968K
}
Event: 58.861 GC heap after
{Heap after GC invocations=33 (full 5):
 PSYoungGen      total 101376K, used 20972K [0x00000007aab00000, 0x00000007b2e80000, 0x0000000800000000)
  eden space 80384K, 0% used [0x00000007aab00000,0x00000007aab00000,0x00000007af980000)
  from space 20992K, 99% used [0x00000007b1200000,0x00000007b267b118,0x00000007b2680000)
  to   space 25088K, 0% used [0x00000007af980000,0x00000007af980000,0x00000007b1200000)
 ParOldGen       total 303616K, used 189104K [0x0000000700000000, 0x0000000712880000, 0x00000007aab00000)
  object space 303616K, 62% used [0x0000000700000000,0x000000070b8ac2e0,0x0000000712880000)
 Metaspace       used 131158K, committed 132608K, reserved 983040K
  class space    used 18140K, committed 18816K, reserved 851968K
}
Event: 60.125 GC heap before
{Heap before GC invocations=34 (full 5):
 PSYoungGen      total 101376K, used 101356K [0x00000007aab00000, 0x00000007b2e80000, 0x0000000800000000)
  eden space 80384K, 100% used [0x00000007aab00000,0x00000007af980000,0x00000007af980000)
  from space 20992K, 99% used [0x00000007b1200000,0x00000007b267b118,0x00000007b2680000)
  to   space 25088K, 0% used [0x00000007af980000,0x00000007af980000,0x00000007b1200000)
 ParOldGen       total 303616K, used 189104K [0x0000000700000000, 0x0000000712880000, 0x00000007aab00000)
  object space 303616K, 62% used [0x0000000700000000,0x000000070b8ac2e0,0x0000000712880000)
 Metaspace       used 131627K, committed 133184K, reserved 983040K
  class space    used 18192K, committed 18944K, reserved 851968K
}
Event: 60.139 GC heap after
{Heap after GC invocations=34 (full 5):
 PSYoungGen      total 105472K, used 14768K [0x00000007aab00000, 0x00000007b3480000, 0x0000000800000000)
  eden space 80384K, 0% used [0x00000007aab00000,0x00000007aab00000,0x00000007af980000)
  from space 25088K, 58% used [0x00000007af980000,0x00000007b07ec020,0x00000007b1200000)
  to   space 25088K, 0% used [0x00000007b1c00000,0x00000007b1c00000,0x00000007b3480000)
 ParOldGen       total 303616K, used 209397K [0x0000000700000000, 0x0000000712880000, 0x00000007aab00000)
  object space 303616K, 68% used [0x0000000700000000,0x000000070cc7d478,0x0000000712880000)
 Metaspace       used 131627K, committed 133184K, reserved 983040K
  class space    used 18192K, committed 18944K, reserved 851968K
}
Event: 61.503 GC heap before
{Heap before GC invocations=35 (full 5):
 PSYoungGen      total 105472K, used 95152K [0x00000007aab00000, 0x00000007b3480000, 0x0000000800000000)
  eden space 80384K, 100% used [0x00000007aab00000,0x00000007af980000,0x00000007af980000)
  from space 25088K, 58% used [0x00000007af980000,0x00000007b07ec020,0x00000007b1200000)
  to   space 25088K, 0% used [0x00000007b1c00000,0x00000007b1c00000,0x00000007b3480000)
 ParOldGen       total 303616K, used 209397K [0x0000000700000000, 0x0000000712880000, 0x00000007aab00000)
  object space 303616K, 68% used [0x0000000700000000,0x000000070cc7d478,0x0000000712880000)
 Metaspace       used 132245K, committed 133888K, reserved 983040K
  class space    used 18261K, committed 19072K, reserved 851968K
}
Event: 61.514 GC heap after
{Heap after GC invocations=35 (full 5):
 PSYoungGen      total 110080K, used 25056K [0x00000007aab00000, 0x00000007b3f80000, 0x0000000800000000)
  eden space 84992K, 0% used [0x00000007aab00000,0x00000007aab00000,0x00000007afe00000)
  from space 25088K, 99% used [0x00000007b1c00000,0x00000007b3478050,0x00000007b3480000)
  to   space 30720K, 0% used [0x00000007afe00000,0x00000007afe00000,0x00000007b1c00000)
 ParOldGen       total 303616K, used 213789K [0x0000000700000000, 0x0000000712880000, 0x00000007aab00000)
  object space 303616K, 70% used [0x0000000700000000,0x000000070d0c74b8,0x0000000712880000)
 Metaspace       used 132245K, committed 133888K, reserved 983040K
  class space    used 18261K, committed 19072K, reserved 851968K
}
Event: 63.208 GC heap before
{Heap before GC invocations=36 (full 5):
 PSYoungGen      total 110080K, used 110048K [0x00000007aab00000, 0x00000007b3f80000, 0x0000000800000000)
  eden space 84992K, 100% used [0x00000007aab00000,0x00000007afe00000,0x00000007afe00000)
  from space 25088K, 99% used [0x00000007b1c00000,0x00000007b3478050,0x00000007b3480000)
  to   space 30720K, 0% used [0x00000007afe00000,0x00000007afe00000,0x00000007b1c00000)
 ParOldGen       total 303616K, used 213789K [0x0000000700000000, 0x0000000712880000, 0x00000007aab00000)
  object space 303616K, 70% used [0x0000000700000000,0x000000070d0c74b8,0x0000000712880000)
 Metaspace       used 132855K, committed 134528K, reserved 983040K
  class space    used 18329K, committed 19136K, reserved 851968K
}
Event: 63.223 GC heap after
{Heap after GC invocations=36 (full 5):
 PSYoungGen      total 115712K, used 15936K [0x00000007aab00000, 0x00000007b4380000, 0x0000000800000000)
  eden space 84992K, 0% used [0x00000007aab00000,0x00000007aab00000,0x00000007afe00000)
  from space 30720K, 51% used [0x00000007afe00000,0x00000007b0d90030,0x00000007b1c00000)
  to   space 29696K, 0% used [0x00000007b2680000,0x00000007b2680000,0x00000007b4380000)
 ParOldGen       total 303616K, used 237889K [0x0000000700000000, 0x0000000712880000, 0x00000007aab00000)
  object space 303616K, 78% used [0x0000000700000000,0x000000070e850598,0x0000000712880000)
 Metaspace       used 132855K, committed 134528K, reserved 983040K
  class space    used 18329K, committed 19136K, reserved 851968K
}

