# JRE version: Java(TM) SE Runtime Environment (17.0.12+8) (build 17.0.12+8-LTS-286)
# Java VM: Java HotSpot(TM) 64-Bit Server VM (17.0.12+8-LTS-286, mixed mode, sharing, tiered, compressed oops, compressed class ptrs, parallel gc, windows-amd64)
GC Precious Log:
 CPUs: 16 total, 16 available
 Memory: 16221M
 Large Page Support: Disabled
 NUMA Support: Disabled
 Compressed Oops: Enabled (Zero based)
 Alignments: Space 512K, Generation 512K, Heap 2M
 Heap Min Capacity: 8M
 Heap Initial Capacity: 254M
 Heap Max Capacity: 4G
 Pre-touch: Disabled
 Parallel Workers: 13
Heap:
 PSYoungGen      total 129024K, used 98628K [0x00000007aab00000, 0x00000007baf00000, 0x0000000800000000)
  eden space 114688K, 73% used [0x00000007aab00000,0x00000007afd91058,0x00000007b1b00000)
  from space 14336K, 98% used [0x00000007ba100000,0x00000007baec0030,0x00000007baf00000)
  to   space 23040K, 0% used [0x00000007b8200000,0x00000007b8200000,0x00000007b9880000)
 ParOldGen       total 173568K, used 63208K [0x0000000700000000, 0x000000070a980000, 0x00000007aab00000)
  object space 173568K, 36% used [0x0000000700000000,0x0000000703dba138,0x000000070a980000)
 Metaspace       used 80345K, committed 81216K, reserved 983040K
  class space    used 11385K, committed 11776K, reserved 851968K
GC Heap History (20 events):
Event: 8.666 GC heap before
{Heap before GC invocations=4 (full 1):
 PSYoungGen      total 140800K, used 10732K [0x00000007aab00000, 0x00000007b3f00000, 0x0000000800000000)
  eden space 130048K, 0% used [0x00000007aab00000,0x00000007aab00000,0x00000007b2a00000)
  from space 10752K, 99% used [0x00000007b2a00000,0x00000007b347b068,0x00000007b3480000)
  to   space 10752K, 0% used [0x00000007b3480000,0x00000007b3480000,0x00000007b3f00000)
 ParOldGen       total 173568K, used 12168K [0x0000000700000000, 0x000000070a980000, 0x00000007aab00000)
  object space 173568K, 7% used [0x0000000700000000,0x0000000700be21e0,0x000000070a980000)
 Metaspace       used 21229K, committed 21504K, reserved 917504K
  class space    used 3071K, committed 3200K, reserved 851968K
}
Event: 8.685 GC heap after
{Heap after GC invocations=4 (full 1):
 PSYoungGen      total 140800K, used 0K [0x00000007aab00000, 0x00000007b3f00000, 0x0000000800000000)
  eden space 130048K, 0% used [0x00000007aab00000,0x00000007aab00000,0x00000007b2a00000)
  from space 10752K, 0% used [0x00000007b2a00000,0x00000007b2a00000,0x00000007b3480000)
  to   space 10752K, 0% used [0x00000007b3480000,0x00000007b3480000,0x00000007b3f00000)
 ParOldGen       total 173568K, used 22388K [0x0000000700000000, 0x000000070a980000, 0x00000007aab00000)
  object space 173568K, 12% used [0x0000000700000000,0x00000007015dd1e8,0x000000070a980000)
 Metaspace       used 21229K, committed 21504K, reserved 917504K
  class space    used 3071K, committed 3200K, reserved 851968K
}
Event: 18.000 GC heap before
{Heap before GC invocations=5 (full 1):
 PSYoungGen      total 140800K, used 125247K [0x00000007aab00000, 0x00000007b3f00000, 0x0000000800000000)
  eden space 130048K, 96% used [0x00000007aab00000,0x00000007b254fcc0,0x00000007b2a00000)
  from space 10752K, 0% used [0x00000007b2a00000,0x00000007b2a00000,0x00000007b3480000)
  to   space 10752K, 0% used [0x00000007b3480000,0x00000007b3480000,0x00000007b3f00000)
 ParOldGen       total 173568K, used 22388K [0x0000000700000000, 0x000000070a980000, 0x00000007aab00000)
  object space 173568K, 12% used [0x0000000700000000,0x00000007015dd1e8,0x000000070a980000)
 Metaspace       used 35423K, committed 35840K, reserved 917504K
  class space    used 4907K, committed 5120K, reserved 851968K
}
Event: 18.004 GC heap after
{Heap after GC invocations=5 (full 1):
 PSYoungGen      total 140800K, used 8372K [0x00000007aab00000, 0x00000007b3f00000, 0x0000000800000000)
  eden space 130048K, 0% used [0x00000007aab00000,0x00000007aab00000,0x00000007b2a00000)
  from space 10752K, 77% used [0x00000007b3480000,0x00000007b3cad050,0x00000007b3f00000)
  to   space 10752K, 0% used [0x00000007b2a00000,0x00000007b2a00000,0x00000007b3480000)
 ParOldGen       total 173568K, used 22396K [0x0000000700000000, 0x000000070a980000, 0x00000007aab00000)
  object space 173568K, 12% used [0x0000000700000000,0x00000007015df1e8,0x000000070a980000)
 Metaspace       used 35423K, committed 35840K, reserved 917504K
  class space    used 4907K, committed 5120K, reserved 851968K
}
Event: 18.004 GC heap before
{Heap before GC invocations=6 (full 2):
 PSYoungGen      total 140800K, used 8372K [0x00000007aab00000, 0x00000007b3f00000, 0x0000000800000000)
  eden space 130048K, 0% used [0x00000007aab00000,0x00000007aab00000,0x00000007b2a00000)
  from space 10752K, 77% used [0x00000007b3480000,0x00000007b3cad050,0x00000007b3f00000)
  to   space 10752K, 0% used [0x00000007b2a00000,0x00000007b2a00000,0x00000007b3480000)
 ParOldGen       total 173568K, used 22396K [0x0000000700000000, 0x000000070a980000, 0x00000007aab00000)
  object space 173568K, 12% used [0x0000000700000000,0x00000007015df1e8,0x000000070a980000)
 Metaspace       used 35423K, committed 35840K, reserved 917504K
  class space    used 4907K, committed 5120K, reserved 851968K
}
Event: 18.030 GC heap after
{Heap after GC invocations=6 (full 2):
 PSYoungGen      total 140800K, used 0K [0x00000007aab00000, 0x00000007b3f00000, 0x0000000800000000)
  eden space 130048K, 0% used [0x00000007aab00000,0x00000007aab00000,0x00000007b2a00000)
  from space 10752K, 0% used [0x00000007b3480000,0x00000007b3480000,0x00000007b3f00000)
  to   space 10752K, 0% used [0x00000007b2a00000,0x00000007b2a00000,0x00000007b3480000)
 ParOldGen       total 173568K, used 30167K [0x0000000700000000, 0x000000070a980000, 0x00000007aab00000)
  object space 173568K, 17% used [0x0000000700000000,0x0000000701d75c78,0x000000070a980000)
 Metaspace       used 35423K, committed 35840K, reserved 917504K
  class space    used 4907K, committed 5120K, reserved 851968K
}
Event: 25.992 GC heap before
{Heap before GC invocations=7 (full 2):
 PSYoungGen      total 140800K, used 130048K [0x00000007aab00000, 0x00000007b3f00000, 0x0000000800000000)
  eden space 130048K, 100% used [0x00000007aab00000,0x00000007b2a00000,0x00000007b2a00000)
  from space 10752K, 0% used [0x00000007b3480000,0x00000007b3480000,0x00000007b3f00000)
  to   space 10752K, 0% used [0x00000007b2a00000,0x00000007b2a00000,0x00000007b3480000)
 ParOldGen       total 173568K, used 30167K [0x0000000700000000, 0x000000070a980000, 0x00000007aab00000)
  object space 173568K, 17% used [0x0000000700000000,0x0000000701d75c78,0x000000070a980000)
 Metaspace       used 45283K, committed 45824K, reserved 917504K
  class space    used 6181K, committed 6400K, reserved 851968K
}
Event: 25.997 GC heap after
{Heap after GC invocations=7 (full 2):
 PSYoungGen      total 140800K, used 7492K [0x00000007aab00000, 0x00000007bd200000, 0x0000000800000000)
  eden space 130048K, 0% used [0x00000007aab00000,0x00000007aab00000,0x00000007b2a00000)
  from space 10752K, 69% used [0x00000007b2a00000,0x00000007b3151010,0x00000007b3480000)
  to   space 20992K, 0% used [0x00000007bbd80000,0x00000007bbd80000,0x00000007bd200000)
 ParOldGen       total 173568K, used 30175K [0x0000000700000000, 0x000000070a980000, 0x00000007aab00000)
  object space 173568K, 17% used [0x0000000700000000,0x0000000701d77c78,0x000000070a980000)
 Metaspace       used 45283K, committed 45824K, reserved 917504K
  class space    used 6181K, committed 6400K, reserved 851968K
}
Event: 29.884 GC heap before
{Heap before GC invocations=8 (full 2):
 PSYoungGen      total 140800K, used 137540K [0x00000007aab00000, 0x00000007bd200000, 0x0000000800000000)
  eden space 130048K, 100% used [0x00000007aab00000,0x00000007b2a00000,0x00000007b2a00000)
  from space 10752K, 69% used [0x00000007b2a00000,0x00000007b3151010,0x00000007b3480000)
  to   space 20992K, 0% used [0x00000007bbd80000,0x00000007bbd80000,0x00000007bd200000)
 ParOldGen       total 173568K, used 30175K [0x0000000700000000, 0x000000070a980000, 0x00000007aab00000)
  object space 173568K, 17% used [0x0000000700000000,0x0000000701d77c78,0x000000070a980000)
 Metaspace       used 54074K, committed 54720K, reserved 917504K
  class space    used 7623K, committed 7936K, reserved 851968K
}
Event: 29.891 GC heap after
{Heap after GC invocations=8 (full 2):
 PSYoungGen      total 141312K, used 14997K [0x00000007aab00000, 0x00000007bcc80000, 0x0000000800000000)
  eden space 125952K, 0% used [0x00000007aab00000,0x00000007aab00000,0x00000007b2600000)
  from space 15360K, 97% used [0x00000007bbd80000,0x00000007bcc255d8,0x00000007bcc80000)
  to   space 20992K, 0% used [0x00000007ba380000,0x00000007ba380000,0x00000007bb800000)
 ParOldGen       total 173568K, used 30183K [0x0000000700000000, 0x000000070a980000, 0x00000007aab00000)
  object space 173568K, 17% used [0x0000000700000000,0x0000000701d79c78,0x000000070a980000)
 Metaspace       used 54074K, committed 54720K, reserved 917504K
  class space    used 7623K, committed 7936K, reserved 851968K
}
Event: 31.224 GC heap before
{Heap before GC invocations=9 (full 2):
 PSYoungGen      total 141312K, used 101309K [0x00000007aab00000, 0x00000007bcc80000, 0x0000000800000000)
  eden space 125952K, 68% used [0x00000007aab00000,0x00000007aff49f48,0x00000007b2600000)
  from space 15360K, 97% used [0x00000007bbd80000,0x00000007bcc255d8,0x00000007bcc80000)
  to   space 20992K, 0% used [0x00000007ba380000,0x00000007ba380000,0x00000007bb800000)
 ParOldGen       total 173568K, used 30183K [0x0000000700000000, 0x000000070a980000, 0x00000007aab00000)
  object space 173568K, 17% used [0x0000000700000000,0x0000000701d79c78,0x000000070a980000)
 Metaspace       used 59172K, committed 59776K, reserved 917504K
  class space    used 8306K, committed 8576K, reserved 851968K
}
Event: 31.234 GC heap after
{Heap after GC invocations=9 (full 2):
 PSYoungGen      total 146944K, used 20969K [0x00000007aab00000, 0x00000007bbe00000, 0x0000000800000000)
  eden space 125952K, 0% used [0x00000007aab00000,0x00000007aab00000,0x00000007b2600000)
  from space 20992K, 99% used [0x00000007ba380000,0x00000007bb7fa6f8,0x00000007bb800000)
  to   space 6144K, 0% used [0x00000007bb800000,0x00000007bb800000,0x00000007bbe00000)
 ParOldGen       total 173568K, used 33131K [0x0000000700000000, 0x000000070a980000, 0x00000007aab00000)
  object space 173568K, 19% used [0x0000000700000000,0x000000070205aef0,0x000000070a980000)
 Metaspace       used 59172K, committed 59776K, reserved 917504K
  class space    used 8306K, committed 8576K, reserved 851968K
}
Event: 31.234 GC heap before
{Heap before GC invocations=10 (full 3):
 PSYoungGen      total 146944K, used 20969K [0x00000007aab00000, 0x00000007bbe00000, 0x0000000800000000)
  eden space 125952K, 0% used [0x00000007aab00000,0x00000007aab00000,0x00000007b2600000)
  from space 20992K, 99% used [0x00000007ba380000,0x00000007bb7fa6f8,0x00000007bb800000)
  to   space 6144K, 0% used [0x00000007bb800000,0x00000007bb800000,0x00000007bbe00000)
 ParOldGen       total 173568K, used 33131K [0x0000000700000000, 0x000000070a980000, 0x00000007aab00000)
  object space 173568K, 19% used [0x0000000700000000,0x000000070205aef0,0x000000070a980000)
 Metaspace       used 59172K, committed 59776K, reserved 917504K
  class space    used 8306K, committed 8576K, reserved 851968K
}
Event: 31.282 GC heap after
{Heap after GC invocations=10 (full 3):
 PSYoungGen      total 146944K, used 0K [0x00000007aab00000, 0x00000007bbe00000, 0x0000000800000000)
  eden space 125952K, 0% used [0x00000007aab00000,0x00000007aab00000,0x00000007b2600000)
  from space 20992K, 0% used [0x00000007ba380000,0x00000007ba380000,0x00000007bb800000)
  to   space 6144K, 0% used [0x00000007bb800000,0x00000007bb800000,0x00000007bbe00000)
 ParOldGen       total 173568K, used 53128K [0x0000000700000000, 0x000000070a980000, 0x00000007aab00000)
  object space 173568K, 30% used [0x0000000700000000,0x00000007033e2088,0x000000070a980000)
 Metaspace       used 59172K, committed 59776K, reserved 917504K
  class space    used 8306K, committed 8576K, reserved 851968K
}
Event: 34.503 GC heap before
{Heap before GC invocations=11 (full 3):
 PSYoungGen      total 146944K, used 125952K [0x00000007aab00000, 0x00000007bbe00000, 0x0000000800000000)
  eden space 125952K, 100% used [0x00000007aab00000,0x00000007b2600000,0x00000007b2600000)
  from space 20992K, 0% used [0x00000007ba380000,0x00000007ba380000,0x00000007bb800000)
  to   space 6144K, 0% used [0x00000007bb800000,0x00000007bb800000,0x00000007bbe00000)
 ParOldGen       total 173568K, used 53128K [0x0000000700000000, 0x000000070a980000, 0x00000007aab00000)
  object space 173568K, 30% used [0x0000000700000000,0x00000007033e2088,0x000000070a980000)
 Metaspace       used 66654K, committed 67328K, reserved 917504K
  class space    used 9389K, committed 9728K, reserved 851968K
}
Event: 34.507 GC heap after
{Heap after GC invocations=11 (full 3):
 PSYoungGen      total 128000K, used 6139K [0x00000007aab00000, 0x00000007bbe00000, 0x0000000800000000)
  eden space 121856K, 0% used [0x00000007aab00000,0x00000007aab00000,0x00000007b2200000)
  from space 6144K, 99% used [0x00000007bb800000,0x00000007bbdfee20,0x00000007bbe00000)
  to   space 25088K, 0% used [0x00000007b8d00000,0x00000007b8d00000,0x00000007ba580000)
 ParOldGen       total 173568K, used 57640K [0x0000000700000000, 0x000000070a980000, 0x00000007aab00000)
  object space 173568K, 33% used [0x0000000700000000,0x000000070384a120,0x000000070a980000)
 Metaspace       used 66654K, committed 67328K, reserved 917504K
  class space    used 9389K, committed 9728K, reserved 851968K
}
Event: 40.212 GC heap before
{Heap before GC invocations=12 (full 3):
 PSYoungGen      total 128000K, used 127995K [0x00000007aab00000, 0x00000007bbe00000, 0x0000000800000000)
  eden space 121856K, 100% used [0x00000007aab00000,0x00000007b2200000,0x00000007b2200000)
  from space 6144K, 99% used [0x00000007bb800000,0x00000007bbdfee20,0x00000007bbe00000)
  to   space 25088K, 0% used [0x00000007b8d00000,0x00000007b8d00000,0x00000007ba580000)
 ParOldGen       total 173568K, used 57640K [0x0000000700000000, 0x000000070a980000, 0x00000007aab00000)
  object space 173568K, 33% used [0x0000000700000000,0x000000070384a120,0x000000070a980000)
 Metaspace       used 74031K, committed 74816K, reserved 917504K
  class space    used 10583K, committed 10944K, reserved 851968K
}
Event: 40.220 GC heap after
{Heap after GC invocations=12 (full 3):
 PSYoungGen      total 131072K, used 12747K [0x00000007aab00000, 0x00000007bb880000, 0x0000000800000000)
  eden space 118272K, 0% used [0x00000007aab00000,0x00000007aab00000,0x00000007b1e80000)
  from space 12800K, 99% used [0x00000007b8d00000,0x00000007b9972f50,0x00000007b9980000)
  to   space 24064K, 0% used [0x00000007ba100000,0x00000007ba100000,0x00000007bb880000)
 ParOldGen       total 173568K, used 57648K [0x0000000700000000, 0x000000070a980000, 0x00000007aab00000)
  object space 173568K, 33% used [0x0000000700000000,0x000000070384c120,0x000000070a980000)
 Metaspace       used 74031K, committed 74816K, reserved 917504K
  class space    used 10583K, committed 10944K, reserved 851968K
}
Event: 45.719 GC heap before
{Heap before GC invocations=13 (full 3):
 PSYoungGen      total 131072K, used 131019K [0x00000007aab00000, 0x00000007bb880000, 0x0000000800000000)
  eden space 118272K, 100% used [0x00000007aab00000,0x00000007b1e80000,0x00000007b1e80000)
  from space 12800K, 99% used [0x00000007b8d00000,0x00000007b9972f50,0x00000007b9980000)
  to   space 24064K, 0% used [0x00000007ba100000,0x00000007ba100000,0x00000007bb880000)
 ParOldGen       total 173568K, used 57648K [0x0000000700000000, 0x000000070a980000, 0x00000007aab00000)
  object space 173568K, 33% used [0x0000000700000000,0x000000070384c120,0x000000070a980000)
 Metaspace       used 79768K, committed 80640K, reserved 983040K
  class space    used 11368K, committed 11776K, reserved 851968K
}
Event: 45.726 GC heap after
{Heap after GC invocations=13 (full 3):
 PSYoungGen      total 129024K, used 14080K [0x00000007aab00000, 0x00000007baf00000, 0x0000000800000000)
  eden space 114688K, 0% used [0x00000007aab00000,0x00000007aab00000,0x00000007b1b00000)
  from space 14336K, 98% used [0x00000007ba100000,0x00000007baec0030,0x00000007baf00000)
  to   space 23040K, 0% used [0x00000007b8200000,0x00000007b8200000,0x00000007b9880000)
 ParOldGen       total 173568K, used 63208K [0x0000000700000000, 0x000000070a980000, 0x00000007aab00000)
  object space 173568K, 36% used [0x0000000700000000,0x0000000703dba138,0x000000070a980000)
 Metaspace       used 79768K, committed 80640K, reserved 983040K
  class space    used 11368K, committed 11776K, reserved 851968K
}

