# JRE version: Java(TM) SE Runtime Environment (17.0.12+8) (build 17.0.12+8-LTS-286)
# Java VM: Java HotSpot(TM) 64-Bit Server VM (17.0.12+8-LTS-286, mixed mode, sharing, tiered, compressed oops, compressed class ptrs, parallel gc, windows-amd64)
GC Precious Log:
 CPUs: 16 total, 16 available
 Memory: 16221M
 Large Page Support: Disabled
 NUMA Support: Disabled
 Compressed Oops: Enabled (Zero based)
 Alignments: Space 512K, Generation 512K, Heap 2M
 Heap Min Capacity: 8M
 Heap Initial Capacity: 254M
 Heap Max Capacity: 4G
 Pre-touch: Disabled
 Parallel Workers: 13
Heap:
 PSYoungGen      total 75776K, used 67968K [0x00000007aab00000, 0x00000007aff80000, 0x0000000800000000)
  eden space 65024K, 88% used [0x00000007aab00000,0x00000007ae2e24d8,0x00000007aea80000)
  from space 10752K, 99% used [0x00000007af500000,0x00000007aff7dd90,0x00000007aff80000)
  to   space 10752K, 0% used [0x00000007aea80000,0x00000007aea80000,0x00000007af500000)
 ParOldGen       total 173568K, used 6536K [0x0000000700000000, 0x000000070a980000, 0x00000007aab00000)
  object space 173568K, 3% used [0x0000000700000000,0x0000000700662318,0x000000070a980000)
 Metaspace       used 17167K, committed 17472K, reserved 917504K
  class space    used 2405K, committed 2560K, reserved 851968K
GC Heap History (4 events):
Event: 1.944 GC heap before
{Heap before GC invocations=1 (full 0):
 PSYoungGen      total 75776K, used 65024K [0x00000007aab00000, 0x00000007aff80000, 0x0000000800000000)
  eden space 65024K, 100% used [0x00000007aab00000,0x00000007aea80000,0x00000007aea80000)
  from space 10752K, 0% used [0x00000007af500000,0x00000007af500000,0x00000007aff80000)
  to   space 10752K, 0% used [0x00000007aea80000,0x00000007aea80000,0x00000007af500000)
 ParOldGen       total 173568K, used 0K [0x0000000700000000, 0x000000070a980000, 0x00000007aab00000)
  object space 173568K, 0% used [0x0000000700000000,0x0000000700000000,0x000000070a980000)
 Metaspace       used 4434K, committed 4608K, reserved 917504K
  class space    used 548K, committed 640K, reserved 851968K
}
Event: 1.952 GC heap after
{Heap after GC invocations=1 (full 0):
 PSYoungGen      total 75776K, used 10685K [0x00000007aab00000, 0x00000007aff80000, 0x0000000800000000)
  eden space 65024K, 0% used [0x00000007aab00000,0x00000007aab00000,0x00000007aea80000)
  from space 10752K, 99% used [0x00000007aea80000,0x00000007af4ef400,0x00000007af500000)
  to   space 10752K, 0% used [0x00000007af500000,0x00000007af500000,0x00000007aff80000)
 ParOldGen       total 173568K, used 8K [0x0000000700000000, 0x000000070a980000, 0x00000007aab00000)
  object space 173568K, 0% used [0x0000000700000000,0x0000000700002000,0x000000070a980000)
 Metaspace       used 4434K, committed 4608K, reserved 917504K
  class space    used 548K, committed 640K, reserved 851968K
}
Event: 5.035 GC heap before
{Heap before GC invocations=2 (full 0):
 PSYoungGen      total 75776K, used 75709K [0x00000007aab00000, 0x00000007aff80000, 0x0000000800000000)
  eden space 65024K, 100% used [0x00000007aab00000,0x00000007aea80000,0x00000007aea80000)
  from space 10752K, 99% used [0x00000007aea80000,0x00000007af4ef400,0x00000007af500000)
  to   space 10752K, 0% used [0x00000007af500000,0x00000007af500000,0x00000007aff80000)
 ParOldGen       total 173568K, used 8K [0x0000000700000000, 0x000000070a980000, 0x00000007aab00000)
  object space 173568K, 0% used [0x0000000700000000,0x0000000700002000,0x000000070a980000)
 Metaspace       used 8022K, committed 8192K, reserved 917504K
  class space    used 1073K, committed 1152K, reserved 851968K
}
Event: 5.042 GC heap after
{Heap after GC invocations=2 (full 0):
 PSYoungGen      total 75776K, used 10743K [0x00000007aab00000, 0x00000007aff80000, 0x0000000800000000)
  eden space 65024K, 0% used [0x00000007aab00000,0x00000007aab00000,0x00000007aea80000)
  from space 10752K, 99% used [0x00000007af500000,0x00000007aff7dd90,0x00000007aff80000)
  to   space 10752K, 0% used [0x00000007aea80000,0x00000007aea80000,0x00000007af500000)
 ParOldGen       total 173568K, used 6536K [0x0000000700000000, 0x000000070a980000, 0x00000007aab00000)
  object space 173568K, 3% used [0x0000000700000000,0x0000000700662318,0x000000070a980000)
 Metaspace       used 8022K, committed 8192K, reserved 917504K
  class space    used 1073K, committed 1152K, reserved 851968K
}

