# JRE version: Java(TM) SE Runtime Environment (17.0.12+8) (build 17.0.12+8-LTS-286)
# Java VM: Java HotSpot(TM) 64-Bit Server VM (17.0.12+8-LTS-286, mixed mode, sharing, tiered, compressed oops, compressed class ptrs, parallel gc, windows-amd64)
GC Precious Log:
 CPUs: 16 total, 16 available
 Memory: 16221M
 Large Page Support: Disabled
 NUMA Support: Disabled
 Compressed Oops: Enabled (Zero based)
 Alignments: Space 512K, Generation 512K, Heap 2M
 Heap Min Capacity: 8M
 Heap Initial Capacity: 254M
 Heap Max Capacity: 4G
 Pre-touch: Disabled
 Parallel Workers: 13
Heap:
 PSYoungGen      total 83456K, used 41527K [0x00000007aab00000, 0x00000007b1400000, 0x0000000800000000)
  eden space 66560K, 50% used [0x00000007aab00000,0x00000007acbf1bf0,0x00000007aec00000)
  from space 16896K, 46% used [0x00000007aec00000,0x00000007af39c0a0,0x00000007afc80000)
  to   space 16384K, 0% used [0x00000007b0400000,0x00000007b0400000,0x00000007b1400000)
 ParOldGen       total 338944K, used 323198K [0x0000000700000000, 0x0000000714b00000, 0x00000007aab00000)
  object space 338944K, 95% used [0x0000000700000000,0x0000000713b9f840,0x0000000714b00000)
 Metaspace       used 140193K, committed 142336K, reserved 983040K
  class space    used 19066K, committed 20096K, reserved 851968K
GC Heap History (20 events):
Event: 112.875 GC heap before
{Heap before GC invocations=72 (full 6):
 PSYoungGen      total 56832K, used 52096K [0x00000007aab00000, 0x00000007afc80000, 0x0000000800000000)
  eden space 36352K, 100% used [0x00000007aab00000,0x00000007ace80000,0x00000007ace80000)
  from space 20480K, 76% used [0x00000007ace80000,0x00000007adde0010,0x00000007ae280000)
  to   space 21504K, 0% used [0x00000007ae780000,0x00000007ae780000,0x00000007afc80000)
 ParOldGen       total 338944K, used 251192K [0x0000000700000000, 0x0000000714b00000, 0x00000007aab00000)
  object space 338944K, 74% used [0x0000000700000000,0x000000070f54e018,0x0000000714b00000)
 Metaspace       used 129160K, committed 130880K, reserved 983040K
  class space    used 17835K, committed 18688K, reserved 851968K
}
Event: 112.882 GC heap after
{Heap after GC invocations=72 (full 6):
 PSYoungGen      total 61440K, used 14087K [0x00000007aab00000, 0x00000007afd80000, 0x0000000800000000)
  eden space 39936K, 0% used [0x00000007aab00000,0x00000007aab00000,0x00000007ad200000)
  from space 21504K, 65% used [0x00000007ae780000,0x00000007af541f08,0x00000007afc80000)
  to   space 22016K, 0% used [0x00000007ad200000,0x00000007ad200000,0x00000007ae780000)
 ParOldGen       total 338944K, used 255504K [0x0000000700000000, 0x0000000714b00000, 0x00000007aab00000)
  object space 338944K, 75% used [0x0000000700000000,0x000000070f984028,0x0000000714b00000)
 Metaspace       used 129160K, committed 130880K, reserved 983040K
  class space    used 17835K, committed 18688K, reserved 851968K
}
Event: 113.700 GC heap before
{Heap before GC invocations=73 (full 6):
 PSYoungGen      total 61440K, used 54023K [0x00000007aab00000, 0x00000007afd80000, 0x0000000800000000)
  eden space 39936K, 100% used [0x00000007aab00000,0x00000007ad200000,0x00000007ad200000)
  from space 21504K, 65% used [0x00000007ae780000,0x00000007af541f08,0x00000007afc80000)
  to   space 22016K, 0% used [0x00000007ad200000,0x00000007ad200000,0x00000007ae780000)
 ParOldGen       total 338944K, used 255504K [0x0000000700000000, 0x0000000714b00000, 0x00000007aab00000)
  object space 338944K, 75% used [0x0000000700000000,0x000000070f984028,0x0000000714b00000)
 Metaspace       used 132130K, committed 133952K, reserved 983040K
  class space    used 18232K, committed 19136K, reserved 851968K
}
Event: 113.708 GC heap after
{Heap after GC invocations=73 (full 6):
 PSYoungGen      total 61952K, used 5287K [0x00000007aab00000, 0x00000007b0100000, 0x0000000800000000)
  eden space 39936K, 0% used [0x00000007aab00000,0x00000007aab00000,0x00000007ad200000)
  from space 22016K, 24% used [0x00000007ad200000,0x00000007ad729f08,0x00000007ae780000)
  to   space 21504K, 0% used [0x00000007aec00000,0x00000007aec00000,0x00000007b0100000)
 ParOldGen       total 338944K, used 266812K [0x0000000700000000, 0x0000000714b00000, 0x00000007aab00000)
  object space 338944K, 78% used [0x0000000700000000,0x000000071048f088,0x0000000714b00000)
 Metaspace       used 132130K, committed 133952K, reserved 983040K
  class space    used 18232K, committed 19136K, reserved 851968K
}
Event: 114.268 GC heap before
{Heap before GC invocations=74 (full 6):
 PSYoungGen      total 61952K, used 45223K [0x00000007aab00000, 0x00000007b0100000, 0x0000000800000000)
  eden space 39936K, 100% used [0x00000007aab00000,0x00000007ad200000,0x00000007ad200000)
  from space 22016K, 24% used [0x00000007ad200000,0x00000007ad729f08,0x00000007ae780000)
  to   space 21504K, 0% used [0x00000007aec00000,0x00000007aec00000,0x00000007b0100000)
 ParOldGen       total 338944K, used 266812K [0x0000000700000000, 0x0000000714b00000, 0x00000007aab00000)
  object space 338944K, 78% used [0x0000000700000000,0x000000071048f088,0x0000000714b00000)
 Metaspace       used 133218K, committed 134976K, reserved 983040K
  class space    used 18338K, committed 19200K, reserved 851968K
}
Event: 114.274 GC heap after
{Heap after GC invocations=74 (full 6):
 PSYoungGen      total 66560K, used 5024K [0x00000007aab00000, 0x00000007b0100000, 0x0000000800000000)
  eden space 45056K, 0% used [0x00000007aab00000,0x00000007aab00000,0x00000007ad700000)
  from space 21504K, 23% used [0x00000007aec00000,0x00000007af0e8000,0x00000007b0100000)
  to   space 21504K, 0% used [0x00000007ad700000,0x00000007ad700000,0x00000007aec00000)
 ParOldGen       total 338944K, used 271959K [0x0000000700000000, 0x0000000714b00000, 0x00000007aab00000)
  object space 338944K, 80% used [0x0000000700000000,0x0000000710995fe0,0x0000000714b00000)
 Metaspace       used 133218K, committed 134976K, reserved 983040K
  class space    used 18338K, committed 19200K, reserved 851968K
}
Event: 114.861 GC heap before
{Heap before GC invocations=75 (full 6):
 PSYoungGen      total 66560K, used 50080K [0x00000007aab00000, 0x00000007b0100000, 0x0000000800000000)
  eden space 45056K, 100% used [0x00000007aab00000,0x00000007ad700000,0x00000007ad700000)
  from space 21504K, 23% used [0x00000007aec00000,0x00000007af0e8000,0x00000007b0100000)
  to   space 21504K, 0% used [0x00000007ad700000,0x00000007ad700000,0x00000007aec00000)
 ParOldGen       total 338944K, used 271959K [0x0000000700000000, 0x0000000714b00000, 0x00000007aab00000)
  object space 338944K, 80% used [0x0000000700000000,0x0000000710995fe0,0x0000000714b00000)
 Metaspace       used 133717K, committed 135552K, reserved 983040K
  class space    used 18397K, committed 19328K, reserved 851968K
}
Event: 114.867 GC heap after
{Heap after GC invocations=75 (full 6):
 PSYoungGen      total 66560K, used 9600K [0x00000007aab00000, 0x00000007b0500000, 0x0000000800000000)
  eden space 45056K, 0% used [0x00000007aab00000,0x00000007aab00000,0x00000007ad700000)
  from space 21504K, 44% used [0x00000007ad700000,0x00000007ae060000,0x00000007aec00000)
  to   space 20480K, 0% used [0x00000007af100000,0x00000007af100000,0x00000007b0500000)
 ParOldGen       total 338944K, used 276803K [0x0000000700000000, 0x0000000714b00000, 0x00000007aab00000)
  object space 338944K, 81% used [0x0000000700000000,0x0000000710e50ff0,0x0000000714b00000)
 Metaspace       used 133717K, committed 135552K, reserved 983040K
  class space    used 18397K, committed 19328K, reserved 851968K
}
Event: 115.517 GC heap before
{Heap before GC invocations=76 (full 6):
 PSYoungGen      total 66560K, used 54656K [0x00000007aab00000, 0x00000007b0500000, 0x0000000800000000)
  eden space 45056K, 100% used [0x00000007aab00000,0x00000007ad700000,0x00000007ad700000)
  from space 21504K, 44% used [0x00000007ad700000,0x00000007ae060000,0x00000007aec00000)
  to   space 20480K, 0% used [0x00000007af100000,0x00000007af100000,0x00000007b0500000)
 ParOldGen       total 338944K, used 276803K [0x0000000700000000, 0x0000000714b00000, 0x00000007aab00000)
  object space 338944K, 81% used [0x0000000700000000,0x0000000710e50ff0,0x0000000714b00000)
 Metaspace       used 134391K, committed 136192K, reserved 983040K
  class space    used 18480K, committed 19392K, reserved 851968K
}
Event: 115.530 GC heap after
{Heap after GC invocations=76 (full 6):
 PSYoungGen      total 70656K, used 8512K [0x00000007aab00000, 0x00000007b0380000, 0x0000000800000000)
  eden space 51712K, 0% used [0x00000007aab00000,0x00000007aab00000,0x00000007add80000)
  from space 18944K, 44% used [0x00000007af100000,0x00000007af950000,0x00000007b0380000)
  to   space 19456K, 0% used [0x00000007add80000,0x00000007add80000,0x00000007af080000)
 ParOldGen       total 338944K, used 286268K [0x0000000700000000, 0x0000000714b00000, 0x00000007aab00000)
  object space 338944K, 84% used [0x0000000700000000,0x000000071178f0f8,0x0000000714b00000)
 Metaspace       used 134391K, committed 136192K, reserved 983040K
  class space    used 18480K, committed 19392K, reserved 851968K
}
Event: 116.343 GC heap before
{Heap before GC invocations=77 (full 6):
 PSYoungGen      total 70656K, used 60224K [0x00000007aab00000, 0x00000007b0380000, 0x0000000800000000)
  eden space 51712K, 100% used [0x00000007aab00000,0x00000007add80000,0x00000007add80000)
  from space 18944K, 44% used [0x00000007af100000,0x00000007af950000,0x00000007b0380000)
  to   space 19456K, 0% used [0x00000007add80000,0x00000007add80000,0x00000007af080000)
 ParOldGen       total 338944K, used 286268K [0x0000000700000000, 0x0000000714b00000, 0x00000007aab00000)
  object space 338944K, 84% used [0x0000000700000000,0x000000071178f0f8,0x0000000714b00000)
 Metaspace       used 135055K, committed 136960K, reserved 983040K
  class space    used 18579K, committed 19520K, reserved 851968K
}
Event: 116.349 GC heap after
{Heap after GC invocations=77 (full 6):
 PSYoungGen      total 71168K, used 7168K [0x00000007aab00000, 0x00000007b0980000, 0x0000000800000000)
  eden space 51712K, 0% used [0x00000007aab00000,0x00000007aab00000,0x00000007add80000)
  from space 19456K, 36% used [0x00000007add80000,0x00000007ae480010,0x00000007af080000)
  to   space 18944K, 0% used [0x00000007af700000,0x00000007af700000,0x00000007b0980000)
 ParOldGen       total 338944K, used 294548K [0x0000000700000000, 0x0000000714b00000, 0x00000007aab00000)
  object space 338944K, 86% used [0x0000000700000000,0x0000000711fa5118,0x0000000714b00000)
 Metaspace       used 135055K, committed 136960K, reserved 983040K
  class space    used 18579K, committed 19520K, reserved 851968K
}
Event: 117.337 GC heap before
{Heap before GC invocations=78 (full 6):
 PSYoungGen      total 71168K, used 58880K [0x00000007aab00000, 0x00000007b0980000, 0x0000000800000000)
  eden space 51712K, 100% used [0x00000007aab00000,0x00000007add80000,0x00000007add80000)
  from space 19456K, 36% used [0x00000007add80000,0x00000007ae480010,0x00000007af080000)
  to   space 18944K, 0% used [0x00000007af700000,0x00000007af700000,0x00000007b0980000)
 ParOldGen       total 338944K, used 294548K [0x0000000700000000, 0x0000000714b00000, 0x00000007aab00000)
  object space 338944K, 86% used [0x0000000700000000,0x0000000711fa5118,0x0000000714b00000)
 Metaspace       used 135798K, committed 137856K, reserved 983040K
  class space    used 18705K, committed 19712K, reserved 851968K
}
Event: 117.344 GC heap after
{Heap after GC invocations=78 (full 6):
 PSYoungGen      total 76800K, used 6176K [0x00000007aab00000, 0x00000007b0880000, 0x0000000800000000)
  eden space 58880K, 0% used [0x00000007aab00000,0x00000007aab00000,0x00000007ae480000)
  from space 17920K, 34% used [0x00000007af700000,0x00000007afd08010,0x00000007b0880000)
  to   space 18432K, 0% used [0x00000007ae480000,0x00000007ae480000,0x00000007af680000)
 ParOldGen       total 338944K, used 301472K [0x0000000700000000, 0x0000000714b00000, 0x00000007aab00000)
  object space 338944K, 88% used [0x0000000700000000,0x0000000712668178,0x0000000714b00000)
 Metaspace       used 135798K, committed 137856K, reserved 983040K
  class space    used 18705K, committed 19712K, reserved 851968K
}
Event: 118.029 GC heap before
{Heap before GC invocations=79 (full 6):
 PSYoungGen      total 76800K, used 65056K [0x00000007aab00000, 0x00000007b0880000, 0x0000000800000000)
  eden space 58880K, 100% used [0x00000007aab00000,0x00000007ae480000,0x00000007ae480000)
  from space 17920K, 34% used [0x00000007af700000,0x00000007afd08010,0x00000007b0880000)
  to   space 18432K, 0% used [0x00000007ae480000,0x00000007ae480000,0x00000007af680000)
 ParOldGen       total 338944K, used 301472K [0x0000000700000000, 0x0000000714b00000, 0x00000007aab00000)
  object space 338944K, 88% used [0x0000000700000000,0x0000000712668178,0x0000000714b00000)
 Metaspace       used 136480K, committed 138560K, reserved 983040K
  class space    used 18795K, committed 19840K, reserved 851968K
}
Event: 118.036 GC heap after
{Heap after GC invocations=79 (full 6):
 PSYoungGen      total 77312K, used 8096K [0x00000007aab00000, 0x00000007b0e00000, 0x0000000800000000)
  eden space 58880K, 0% used [0x00000007aab00000,0x00000007aab00000,0x00000007ae480000)
  from space 18432K, 43% used [0x00000007ae480000,0x00000007aec68010,0x00000007af680000)
  to   space 17408K, 0% used [0x00000007afd00000,0x00000007afd00000,0x00000007b0e00000)
 ParOldGen       total 338944K, used 307308K [0x0000000700000000, 0x0000000714b00000, 0x00000007aab00000)
  object space 338944K, 90% used [0x0000000700000000,0x0000000712c1b188,0x0000000714b00000)
 Metaspace       used 136480K, committed 138560K, reserved 983040K
  class space    used 18795K, committed 19840K, reserved 851968K
}
Event: 119.051 GC heap before
{Heap before GC invocations=80 (full 6):
 PSYoungGen      total 77312K, used 66976K [0x00000007aab00000, 0x00000007b0e00000, 0x0000000800000000)
  eden space 58880K, 100% used [0x00000007aab00000,0x00000007ae480000,0x00000007ae480000)
  from space 18432K, 43% used [0x00000007ae480000,0x00000007aec68010,0x00000007af680000)
  to   space 17408K, 0% used [0x00000007afd00000,0x00000007afd00000,0x00000007b0e00000)
 ParOldGen       total 338944K, used 307308K [0x0000000700000000, 0x0000000714b00000, 0x00000007aab00000)
  object space 338944K, 90% used [0x0000000700000000,0x0000000712c1b188,0x0000000714b00000)
 Metaspace       used 138062K, committed 140224K, reserved 983040K
  class space    used 18922K, committed 19968K, reserved 851968K
}
Event: 119.061 GC heap after
{Heap after GC invocations=80 (full 6):
 PSYoungGen      total 82944K, used 8176K [0x00000007aab00000, 0x00000007b0d00000, 0x0000000800000000)
  eden space 66560K, 0% used [0x00000007aab00000,0x00000007aab00000,0x00000007aec00000)
  from space 16384K, 49% used [0x00000007afd00000,0x00000007b04fc020,0x00000007b0d00000)
  to   space 16896K, 0% used [0x00000007aec00000,0x00000007aec00000,0x00000007afc80000)
 ParOldGen       total 338944K, used 315221K [0x0000000700000000, 0x0000000714b00000, 0x00000007aab00000)
  object space 338944K, 93% used [0x0000000700000000,0x00000007133d5460,0x0000000714b00000)
 Metaspace       used 138062K, committed 140224K, reserved 983040K
  class space    used 18922K, committed 19968K, reserved 851968K
}
Event: 121.000 GC heap before
{Heap before GC invocations=81 (full 6):
 PSYoungGen      total 82944K, used 74736K [0x00000007aab00000, 0x00000007b0d00000, 0x0000000800000000)
  eden space 66560K, 100% used [0x00000007aab00000,0x00000007aec00000,0x00000007aec00000)
  from space 16384K, 49% used [0x00000007afd00000,0x00000007b04fc020,0x00000007b0d00000)
  to   space 16896K, 0% used [0x00000007aec00000,0x00000007aec00000,0x00000007afc80000)
 ParOldGen       total 338944K, used 315221K [0x0000000700000000, 0x0000000714b00000, 0x00000007aab00000)
  object space 338944K, 93% used [0x0000000700000000,0x00000007133d5460,0x0000000714b00000)
 Metaspace       used 140127K, committed 142272K, reserved 983040K
  class space    used 19062K, committed 20096K, reserved 851968K
}
Event: 121.008 GC heap after
{Heap after GC invocations=81 (full 6):
 PSYoungGen      total 83456K, used 7792K [0x00000007aab00000, 0x00000007b1400000, 0x0000000800000000)
  eden space 66560K, 0% used [0x00000007aab00000,0x00000007aab00000,0x00000007aec00000)
  from space 16896K, 46% used [0x00000007aec00000,0x00000007af39c0a0,0x00000007afc80000)
  to   space 16384K, 0% used [0x00000007b0400000,0x00000007b0400000,0x00000007b1400000)
 ParOldGen       total 338944K, used 323198K [0x0000000700000000, 0x0000000714b00000, 0x00000007aab00000)
  object space 338944K, 95% used [0x0000000700000000,0x0000000713b9f840,0x0000000714b00000)
 Metaspace       used 140127K, committed 142272K, reserved 983040K
  class space    used 19062K, committed 20096K, reserved 851968K
}

