# JRE version: Java(TM) SE Runtime Environment (17.0.12+8) (build 17.0.12+8-LTS-286)
# Java VM: Java HotSpot(TM) 64-Bit Server VM (17.0.12+8-LTS-286, mixed mode, sharing, tiered, compressed oops, compressed class ptrs, g1 gc, windows-amd64)
GC Precious Log:
 CPUs: 16 total, 16 available
 Memory: 16221M
 Large Page Support: Disabled
 NUMA Support: Disabled
 Compressed Oops: Enabled (Zero based)
 Heap Region Size: 2M
 Heap Min Capacity: 8M
 Heap Initial Capacity: 254M
 Heap Max Capacity: 4056M
 Pre-touch: Disabled
 Parallel Workers: 13
 Concurrent Workers: 3
 Concurrent Refinement Workers: 13
 Periodic GC: Disabled
Heap:
 garbage-first heap   total 192512K, used 122859K [0x0000000702800000, 0x0000000800000000)
  region size 2048K, 15 young (30720K), 1 survivors (2048K)
 Metaspace       used 49042K, committed 49344K, reserved 1114112K
  class space    used 5463K, committed 5568K, reserved 1048576K
GC Heap History (20 events):
Event: 5.986 GC heap before
{Heap before GC invocations=9 (full 0):
 garbage-first heap   total 100352K, used 70164K [0x0000000702800000, 0x0000000800000000)
  region size 2048K, 11 young (22528K), 2 survivors (4096K)
 Metaspace       used 34788K, committed 35072K, reserved 1114112K
  class space    used 4227K, committed 4352K, reserved 1048576K
}
Event: 5.997 GC heap after
{Heap after GC invocations=10 (full 0):
 garbage-first heap   total 100352K, used 56288K [0x0000000702800000, 0x0000000800000000)
  region size 2048K, 2 young (4096K), 2 survivors (4096K)
 Metaspace       used 34788K, committed 35072K, reserved 1114112K
  class space    used 4227K, committed 4352K, reserved 1048576K
}
Event: 6.491 GC heap before
{Heap before GC invocations=10 (full 0):
 garbage-first heap   total 100352K, used 76768K [0x0000000702800000, 0x0000000800000000)
  region size 2048K, 12 young (24576K), 2 survivors (4096K)
 Metaspace       used 37632K, committed 37888K, reserved 1114112K
  class space    used 4515K, committed 4608K, reserved 1048576K
}
Event: 6.500 GC heap after
{Heap after GC invocations=11 (full 0):
 garbage-first heap   total 129024K, used 59390K [0x0000000702800000, 0x0000000800000000)
  region size 2048K, 2 young (4096K), 2 survivors (4096K)
 Metaspace       used 37632K, committed 37888K, reserved 1114112K
  class space    used 4515K, committed 4608K, reserved 1048576K
}
Event: 7.209 GC heap before
{Heap before GC invocations=12 (full 0):
 garbage-first heap   total 129024K, used 90110K [0x0000000702800000, 0x0000000800000000)
  region size 2048K, 18 young (36864K), 2 survivors (4096K)
 Metaspace       used 41595K, committed 41856K, reserved 1114112K
  class space    used 4909K, committed 4992K, reserved 1048576K
}
Event: 7.223 GC heap after
{Heap after GC invocations=13 (full 0):
 garbage-first heap   total 129024K, used 64020K [0x0000000702800000, 0x0000000800000000)
  region size 2048K, 3 young (6144K), 3 survivors (6144K)
 Metaspace       used 41595K, committed 41856K, reserved 1114112K
  class space    used 4909K, committed 4992K, reserved 1048576K
}
Event: 7.466 GC heap before
{Heap before GC invocations=13 (full 0):
 garbage-first heap   total 129024K, used 94740K [0x0000000702800000, 0x0000000800000000)
  region size 2048K, 18 young (36864K), 3 survivors (6144K)
 Metaspace       used 41897K, committed 42176K, reserved 1114112K
  class space    used 4923K, committed 5056K, reserved 1048576K
}
Event: 7.479 GC heap after
{Heap after GC invocations=14 (full 0):
 garbage-first heap   total 129024K, used 73712K [0x0000000702800000, 0x0000000800000000)
  region size 2048K, 3 young (6144K), 3 survivors (6144K)
 Metaspace       used 41897K, committed 42176K, reserved 1114112K
  class space    used 4923K, committed 5056K, reserved 1048576K
}
Event: 7.729 GC heap before
{Heap before GC invocations=15 (full 0):
 garbage-first heap   total 137216K, used 98288K [0x0000000702800000, 0x0000000800000000)
  region size 2048K, 15 young (30720K), 3 survivors (6144K)
 Metaspace       used 42633K, committed 42816K, reserved 1114112K
  class space    used 4967K, committed 5056K, reserved 1048576K
}
Event: 7.738 GC heap after
{Heap after GC invocations=16 (full 0):
 garbage-first heap   total 137216K, used 81233K [0x0000000702800000, 0x0000000800000000)
  region size 2048K, 2 young (4096K), 2 survivors (4096K)
 Metaspace       used 42633K, committed 42816K, reserved 1114112K
  class space    used 4967K, committed 5056K, reserved 1048576K
}
Event: 8.046 GC heap before
{Heap before GC invocations=16 (full 0):
 garbage-first heap   total 137216K, used 103761K [0x0000000702800000, 0x0000000800000000)
  region size 2048K, 13 young (26624K), 2 survivors (4096K)
 Metaspace       used 44378K, committed 44672K, reserved 1114112K
  class space    used 5129K, committed 5248K, reserved 1048576K
}
Event: 8.056 GC heap after
{Heap after GC invocations=17 (full 0):
 garbage-first heap   total 137216K, used 86577K [0x0000000702800000, 0x0000000800000000)
  region size 2048K, 2 young (4096K), 2 survivors (4096K)
 Metaspace       used 44378K, committed 44672K, reserved 1114112K
  class space    used 5129K, committed 5248K, reserved 1048576K
}
Event: 8.536 GC heap before
{Heap before GC invocations=18 (full 0):
 garbage-first heap   total 157696K, used 105009K [0x0000000702800000, 0x0000000800000000)
  region size 2048K, 11 young (22528K), 2 survivors (4096K)
 Metaspace       used 46338K, committed 46656K, reserved 1114112K
  class space    used 5380K, committed 5504K, reserved 1048576K
}
Event: 8.543 GC heap after
{Heap after GC invocations=19 (full 0):
 garbage-first heap   total 157696K, used 90662K [0x0000000702800000, 0x0000000800000000)
  region size 2048K, 2 young (4096K), 2 survivors (4096K)
 Metaspace       used 46338K, committed 46656K, reserved 1114112K
  class space    used 5380K, committed 5504K, reserved 1048576K
}
Event: 9.658 GC heap before
{Heap before GC invocations=19 (full 0):
 garbage-first heap   total 157696K, used 119334K [0x0000000702800000, 0x0000000800000000)
  region size 2048K, 16 young (32768K), 2 survivors (4096K)
 Metaspace       used 48380K, committed 48640K, reserved 1114112K
  class space    used 5463K, committed 5568K, reserved 1048576K
}
Event: 9.668 GC heap after
{Heap after GC invocations=20 (full 0):
 garbage-first heap   total 192512K, used 94180K [0x0000000702800000, 0x0000000800000000)
  region size 2048K, 2 young (4096K), 2 survivors (4096K)
 Metaspace       used 48380K, committed 48640K, reserved 1114112K
  class space    used 5463K, committed 5568K, reserved 1048576K
}
Event: 12.372 GC heap before
{Heap before GC invocations=21 (full 0):
 garbage-first heap   total 192512K, used 139236K [0x0000000702800000, 0x0000000800000000)
  region size 2048K, 24 young (49152K), 2 survivors (4096K)
 Metaspace       used 48998K, committed 49280K, reserved 1114112K
  class space    used 5463K, committed 5568K, reserved 1048576K
}
Event: 12.378 GC heap after
{Heap after GC invocations=22 (full 0):
 garbage-first heap   total 192512K, used 96573K [0x0000000702800000, 0x0000000800000000)
  region size 2048K, 2 young (4096K), 2 survivors (4096K)
 Metaspace       used 48998K, committed 49280K, reserved 1114112K
  class space    used 5463K, committed 5568K, reserved 1048576K
}
Event: 12.560 GC heap before
{Heap before GC invocations=22 (full 0):
 garbage-first heap   total 192512K, used 100669K [0x0000000702800000, 0x0000000800000000)
  region size 2048K, 4 young (8192K), 2 survivors (4096K)
 Metaspace       used 49000K, committed 49280K, reserved 1114112K
  class space    used 5463K, committed 5568K, reserved 1048576K
}
Event: 12.566 GC heap after
{Heap after GC invocations=23 (full 0):
 garbage-first heap   total 192512K, used 96235K [0x0000000702800000, 0x0000000800000000)
  region size 2048K, 1 young (2048K), 1 survivors (2048K)
 Metaspace       used 49000K, committed 49280K, reserved 1114112K
  class space    used 5463K, committed 5568K, reserved 1048576K
}

