# JRE version: Java(TM) SE Runtime Environment (17.0.12+8) (build 17.0.12+8-LTS-286)
# Java VM: Java HotSpot(TM) 64-Bit Server VM (17.0.12+8-LTS-286, mixed mode, sharing, tiered, compressed oops, compressed class ptrs, parallel gc, windows-amd64)
GC Precious Log:
 CPUs: 16 total, 16 available
 Memory: 16221M
 Large Page Support: Disabled
 NUMA Support: Disabled
 Compressed Oops: Enabled (Zero based)
 Alignments: Space 512K, Generation 512K, Heap 2M
 Heap Min Capacity: 8M
 Heap Initial Capacity: 254M
 Heap Max Capacity: 4G
 Pre-touch: Disabled
 Parallel Workers: 13
Heap:
 PSYoungGen      total 140288K, used 80007K [0x00000007aab00000, 0x00000007b5080000, 0x0000000800000000)
  eden space 118272K, 61% used [0x00000007aab00000,0x00000007af21eb50,0x00000007b1e80000)
  from space 22016K, 32% used [0x00000007b3b00000,0x00000007b4203328,0x00000007b5080000)
  to   space 25600K, 0% used [0x00000007b1e80000,0x00000007b1e80000,0x00000007b3780000)
 ParOldGen       total 173568K, used 54271K [0x0000000700000000, 0x000000070a980000, 0x00000007aab00000)
  object space 173568K, 31% used [0x0000000700000000,0x00000007034ffe38,0x000000070a980000)
 Metaspace       used 72363K, committed 73024K, reserved 917504K
  class space    used 10155K, committed 10496K, reserved 851968K
GC Heap History (20 events):
Event: 4.267 GC heap before
{Heap before GC invocations=2 (full 0):
 PSYoungGen      total 75776K, used 75637K [0x00000007aab00000, 0x00000007b3f00000, 0x0000000800000000)
  eden space 65024K, 100% used [0x00000007aab00000,0x00000007aea80000,0x00000007aea80000)
  from space 10752K, 98% used [0x00000007aea80000,0x00000007af4dd4c0,0x00000007af500000)
  to   space 10752K, 0% used [0x00000007b3480000,0x00000007b3480000,0x00000007b3f00000)
 ParOldGen       total 173568K, used 8K [0x0000000700000000, 0x000000070a980000, 0x00000007aab00000)
  object space 173568K, 0% used [0x0000000700000000,0x0000000700002000,0x000000070a980000)
 Metaspace       used 8032K, committed 8192K, reserved 917504K
  class space    used 1074K, committed 1152K, reserved 851968K
}
Event: 4.274 GC heap after
{Heap after GC invocations=2 (full 0):
 PSYoungGen      total 140800K, used 10741K [0x00000007aab00000, 0x00000007b3f00000, 0x0000000800000000)
  eden space 130048K, 0% used [0x00000007aab00000,0x00000007aab00000,0x00000007b2a00000)
  from space 10752K, 99% used [0x00000007b3480000,0x00000007b3efd7a8,0x00000007b3f00000)
  to   space 10752K, 0% used [0x00000007b2a00000,0x00000007b2a00000,0x00000007b3480000)
 ParOldGen       total 173568K, used 6543K [0x0000000700000000, 0x000000070a980000, 0x00000007aab00000)
  object space 173568K, 3% used [0x0000000700000000,0x0000000700663c90,0x000000070a980000)
 Metaspace       used 8032K, committed 8192K, reserved 917504K
  class space    used 1074K, committed 1152K, reserved 851968K
}
Event: 9.712 GC heap before
{Heap before GC invocations=3 (full 0):
 PSYoungGen      total 140800K, used 107563K [0x00000007aab00000, 0x00000007b3f00000, 0x0000000800000000)
  eden space 130048K, 74% used [0x00000007aab00000,0x00000007b098d7d8,0x00000007b2a00000)
  from space 10752K, 99% used [0x00000007b3480000,0x00000007b3efd7a8,0x00000007b3f00000)
  to   space 10752K, 0% used [0x00000007b2a00000,0x00000007b2a00000,0x00000007b3480000)
 ParOldGen       total 173568K, used 6543K [0x0000000700000000, 0x000000070a980000, 0x00000007aab00000)
  object space 173568K, 3% used [0x0000000700000000,0x0000000700663c90,0x000000070a980000)
 Metaspace       used 21210K, committed 21504K, reserved 917504K
  class space    used 3084K, committed 3264K, reserved 851968K
}
Event: 9.725 GC heap after
{Heap after GC invocations=3 (full 0):
 PSYoungGen      total 140800K, used 10733K [0x00000007aab00000, 0x00000007b3f00000, 0x0000000800000000)
  eden space 130048K, 0% used [0x00000007aab00000,0x00000007aab00000,0x00000007b2a00000)
  from space 10752K, 99% used [0x00000007b2a00000,0x00000007b347b4f0,0x00000007b3480000)
  to   space 10752K, 0% used [0x00000007b3480000,0x00000007b3480000,0x00000007b3f00000)
 ParOldGen       total 173568K, used 11824K [0x0000000700000000, 0x000000070a980000, 0x00000007aab00000)
  object space 173568K, 6% used [0x0000000700000000,0x0000000700b8c180,0x000000070a980000)
 Metaspace       used 21210K, committed 21504K, reserved 917504K
  class space    used 3084K, committed 3264K, reserved 851968K
}
Event: 9.725 GC heap before
{Heap before GC invocations=4 (full 1):
 PSYoungGen      total 140800K, used 10733K [0x00000007aab00000, 0x00000007b3f00000, 0x0000000800000000)
  eden space 130048K, 0% used [0x00000007aab00000,0x00000007aab00000,0x00000007b2a00000)
  from space 10752K, 99% used [0x00000007b2a00000,0x00000007b347b4f0,0x00000007b3480000)
  to   space 10752K, 0% used [0x00000007b3480000,0x00000007b3480000,0x00000007b3f00000)
 ParOldGen       total 173568K, used 11824K [0x0000000700000000, 0x000000070a980000, 0x00000007aab00000)
  object space 173568K, 6% used [0x0000000700000000,0x0000000700b8c180,0x000000070a980000)
 Metaspace       used 21210K, committed 21504K, reserved 917504K
  class space    used 3084K, committed 3264K, reserved 851968K
}
Event: 9.744 GC heap after
{Heap after GC invocations=4 (full 1):
 PSYoungGen      total 140800K, used 0K [0x00000007aab00000, 0x00000007b3f00000, 0x0000000800000000)
  eden space 130048K, 0% used [0x00000007aab00000,0x00000007aab00000,0x00000007b2a00000)
  from space 10752K, 0% used [0x00000007b2a00000,0x00000007b2a00000,0x00000007b3480000)
  to   space 10752K, 0% used [0x00000007b3480000,0x00000007b3480000,0x00000007b3f00000)
 ParOldGen       total 173568K, used 22092K [0x0000000700000000, 0x000000070a980000, 0x00000007aab00000)
  object space 173568K, 12% used [0x0000000700000000,0x0000000701593090,0x000000070a980000)
 Metaspace       used 21210K, committed 21504K, reserved 917504K
  class space    used 3084K, committed 3264K, reserved 851968K
}
Event: 14.825 GC heap before
{Heap before GC invocations=5 (full 1):
 PSYoungGen      total 140800K, used 111955K [0x00000007aab00000, 0x00000007b3f00000, 0x0000000800000000)
  eden space 130048K, 86% used [0x00000007aab00000,0x00000007b1854ca8,0x00000007b2a00000)
  from space 10752K, 0% used [0x00000007b2a00000,0x00000007b2a00000,0x00000007b3480000)
  to   space 10752K, 0% used [0x00000007b3480000,0x00000007b3480000,0x00000007b3f00000)
 ParOldGen       total 173568K, used 22092K [0x0000000700000000, 0x000000070a980000, 0x00000007aab00000)
  object space 173568K, 12% used [0x0000000700000000,0x0000000701593090,0x000000070a980000)
 Metaspace       used 35438K, committed 35840K, reserved 917504K
  class space    used 4910K, committed 5120K, reserved 851968K
}
Event: 14.828 GC heap after
{Heap after GC invocations=5 (full 1):
 PSYoungGen      total 140800K, used 7999K [0x00000007aab00000, 0x00000007b3f00000, 0x0000000800000000)
  eden space 130048K, 0% used [0x00000007aab00000,0x00000007aab00000,0x00000007b2a00000)
  from space 10752K, 74% used [0x00000007b3480000,0x00000007b3c4fc90,0x00000007b3f00000)
  to   space 10752K, 0% used [0x00000007b2a00000,0x00000007b2a00000,0x00000007b3480000)
 ParOldGen       total 173568K, used 22100K [0x0000000700000000, 0x000000070a980000, 0x00000007aab00000)
  object space 173568K, 12% used [0x0000000700000000,0x0000000701595090,0x000000070a980000)
 Metaspace       used 35438K, committed 35840K, reserved 917504K
  class space    used 4910K, committed 5120K, reserved 851968K
}
Event: 14.828 GC heap before
{Heap before GC invocations=6 (full 2):
 PSYoungGen      total 140800K, used 7999K [0x00000007aab00000, 0x00000007b3f00000, 0x0000000800000000)
  eden space 130048K, 0% used [0x00000007aab00000,0x00000007aab00000,0x00000007b2a00000)
  from space 10752K, 74% used [0x00000007b3480000,0x00000007b3c4fc90,0x00000007b3f00000)
  to   space 10752K, 0% used [0x00000007b2a00000,0x00000007b2a00000,0x00000007b3480000)
 ParOldGen       total 173568K, used 22100K [0x0000000700000000, 0x000000070a980000, 0x00000007aab00000)
  object space 173568K, 12% used [0x0000000700000000,0x0000000701595090,0x000000070a980000)
 Metaspace       used 35438K, committed 35840K, reserved 917504K
  class space    used 4910K, committed 5120K, reserved 851968K
}
Event: 14.853 GC heap after
{Heap after GC invocations=6 (full 2):
 PSYoungGen      total 140800K, used 0K [0x00000007aab00000, 0x00000007b3f00000, 0x0000000800000000)
  eden space 130048K, 0% used [0x00000007aab00000,0x00000007aab00000,0x00000007b2a00000)
  from space 10752K, 0% used [0x00000007b3480000,0x00000007b3480000,0x00000007b3f00000)
  to   space 10752K, 0% used [0x00000007b2a00000,0x00000007b2a00000,0x00000007b3480000)
 ParOldGen       total 173568K, used 29583K [0x0000000700000000, 0x000000070a980000, 0x00000007aab00000)
  object space 173568K, 17% used [0x0000000700000000,0x0000000701ce3de0,0x000000070a980000)
 Metaspace       used 35438K, committed 35840K, reserved 917504K
  class space    used 4910K, committed 5120K, reserved 851968K
}
Event: 18.411 GC heap before
{Heap before GC invocations=7 (full 2):
 PSYoungGen      total 140800K, used 130048K [0x00000007aab00000, 0x00000007b3f00000, 0x0000000800000000)
  eden space 130048K, 100% used [0x00000007aab00000,0x00000007b2a00000,0x00000007b2a00000)
  from space 10752K, 0% used [0x00000007b3480000,0x00000007b3480000,0x00000007b3f00000)
  to   space 10752K, 0% used [0x00000007b2a00000,0x00000007b2a00000,0x00000007b3480000)
 ParOldGen       total 173568K, used 29583K [0x0000000700000000, 0x000000070a980000, 0x00000007aab00000)
  object space 173568K, 17% used [0x0000000700000000,0x0000000701ce3de0,0x000000070a980000)
 Metaspace       used 45955K, committed 46528K, reserved 917504K
  class space    used 6239K, committed 6528K, reserved 851968K
}
Event: 18.414 GC heap after
{Heap after GC invocations=7 (full 2):
 PSYoungGen      total 136704K, used 8060K [0x00000007aab00000, 0x00000007b4e00000, 0x0000000800000000)
  eden space 125952K, 0% used [0x00000007aab00000,0x00000007aab00000,0x00000007b2600000)
  from space 10752K, 74% used [0x00000007b2a00000,0x00000007b31df1b0,0x00000007b3480000)
  to   space 20480K, 0% used [0x00000007b3a00000,0x00000007b3a00000,0x00000007b4e00000)
 ParOldGen       total 173568K, used 29591K [0x0000000700000000, 0x000000070a980000, 0x00000007aab00000)
  object space 173568K, 17% used [0x0000000700000000,0x0000000701ce5de0,0x000000070a980000)
 Metaspace       used 45955K, committed 46528K, reserved 917504K
  class space    used 6239K, committed 6528K, reserved 851968K
}
Event: 23.022 GC heap before
{Heap before GC invocations=8 (full 2):
 PSYoungGen      total 136704K, used 134012K [0x00000007aab00000, 0x00000007b4e00000, 0x0000000800000000)
  eden space 125952K, 100% used [0x00000007aab00000,0x00000007b2600000,0x00000007b2600000)
  from space 10752K, 74% used [0x00000007b2a00000,0x00000007b31df1b0,0x00000007b3480000)
  to   space 20480K, 0% used [0x00000007b3a00000,0x00000007b3a00000,0x00000007b4e00000)
 ParOldGen       total 173568K, used 29591K [0x0000000700000000, 0x000000070a980000, 0x00000007aab00000)
  object space 173568K, 17% used [0x0000000700000000,0x0000000701ce5de0,0x000000070a980000)
 Metaspace       used 55964K, committed 56576K, reserved 917504K
  class space    used 7789K, committed 8064K, reserved 851968K
}
Event: 23.027 GC heap after
{Heap after GC invocations=8 (full 2):
 PSYoungGen      total 138240K, used 14012K [0x00000007aab00000, 0x00000007b4a00000, 0x0000000800000000)
  eden space 121856K, 0% used [0x00000007aab00000,0x00000007aab00000,0x00000007b2200000)
  from space 16384K, 85% used [0x00000007b3a00000,0x00000007b47af2e8,0x00000007b4a00000)
  to   space 20480K, 0% used [0x00000007b2200000,0x00000007b2200000,0x00000007b3600000)
 ParOldGen       total 173568K, used 29599K [0x0000000700000000, 0x000000070a980000, 0x00000007aab00000)
  object space 173568K, 17% used [0x0000000700000000,0x0000000701ce7de0,0x000000070a980000)
 Metaspace       used 55964K, committed 56576K, reserved 917504K
  class space    used 7789K, committed 8064K, reserved 851968K
}
Event: 24.847 GC heap before
{Heap before GC invocations=9 (full 2):
 PSYoungGen      total 138240K, used 112640K [0x00000007aab00000, 0x00000007b4a00000, 0x0000000800000000)
  eden space 121856K, 80% used [0x00000007aab00000,0x00000007b0b50d20,0x00000007b2200000)
  from space 16384K, 85% used [0x00000007b3a00000,0x00000007b47af2e8,0x00000007b4a00000)
  to   space 20480K, 0% used [0x00000007b2200000,0x00000007b2200000,0x00000007b3600000)
 ParOldGen       total 173568K, used 29599K [0x0000000700000000, 0x000000070a980000, 0x00000007aab00000)
  object space 173568K, 17% used [0x0000000700000000,0x0000000701ce7de0,0x000000070a980000)
 Metaspace       used 59135K, committed 59776K, reserved 917504K
  class space    used 8262K, committed 8512K, reserved 851968K
}
Event: 24.853 GC heap after
{Heap after GC invocations=9 (full 2):
 PSYoungGen      total 142336K, used 20451K [0x00000007aab00000, 0x00000007b5400000, 0x0000000800000000)
  eden space 121856K, 0% used [0x00000007aab00000,0x00000007aab00000,0x00000007b2200000)
  from space 20480K, 99% used [0x00000007b2200000,0x00000007b35f8f28,0x00000007b3600000)
  to   space 25600K, 0% used [0x00000007b3b00000,0x00000007b3b00000,0x00000007b5400000)
 ParOldGen       total 173568K, used 34383K [0x0000000700000000, 0x000000070a980000, 0x00000007aab00000)
  object space 173568K, 19% used [0x0000000700000000,0x0000000702193ff8,0x000000070a980000)
 Metaspace       used 59135K, committed 59776K, reserved 917504K
  class space    used 8262K, committed 8512K, reserved 851968K
}
Event: 24.853 GC heap before
{Heap before GC invocations=10 (full 3):
 PSYoungGen      total 142336K, used 20451K [0x00000007aab00000, 0x00000007b5400000, 0x0000000800000000)
  eden space 121856K, 0% used [0x00000007aab00000,0x00000007aab00000,0x00000007b2200000)
  from space 20480K, 99% used [0x00000007b2200000,0x00000007b35f8f28,0x00000007b3600000)
  to   space 25600K, 0% used [0x00000007b3b00000,0x00000007b3b00000,0x00000007b5400000)
 ParOldGen       total 173568K, used 34383K [0x0000000700000000, 0x000000070a980000, 0x00000007aab00000)
  object space 173568K, 19% used [0x0000000700000000,0x0000000702193ff8,0x000000070a980000)
 Metaspace       used 59135K, committed 59776K, reserved 917504K
  class space    used 8262K, committed 8512K, reserved 851968K
}
Event: 24.901 GC heap after
{Heap after GC invocations=10 (full 3):
 PSYoungGen      total 142336K, used 0K [0x00000007aab00000, 0x00000007b5400000, 0x0000000800000000)
  eden space 121856K, 0% used [0x00000007aab00000,0x00000007aab00000,0x00000007b2200000)
  from space 20480K, 0% used [0x00000007b2200000,0x00000007b2200000,0x00000007b3600000)
  to   space 25600K, 0% used [0x00000007b3b00000,0x00000007b3b00000,0x00000007b5400000)
 ParOldGen       total 173568K, used 54263K [0x0000000700000000, 0x000000070a980000, 0x00000007aab00000)
  object space 173568K, 31% used [0x0000000700000000,0x00000007034fde38,0x000000070a980000)
 Metaspace       used 59135K, committed 59776K, reserved 917504K
  class space    used 8262K, committed 8512K, reserved 851968K
}
Event: 26.959 GC heap before
{Heap before GC invocations=11 (full 3):
 PSYoungGen      total 142336K, used 121856K [0x00000007aab00000, 0x00000007b5400000, 0x0000000800000000)
  eden space 121856K, 100% used [0x00000007aab00000,0x00000007b2200000,0x00000007b2200000)
  from space 20480K, 0% used [0x00000007b2200000,0x00000007b2200000,0x00000007b3600000)
  to   space 25600K, 0% used [0x00000007b3b00000,0x00000007b3b00000,0x00000007b5400000)
 ParOldGen       total 173568K, used 54263K [0x0000000700000000, 0x000000070a980000, 0x00000007aab00000)
  object space 173568K, 31% used [0x0000000700000000,0x00000007034fde38,0x000000070a980000)
 Metaspace       used 68624K, committed 69376K, reserved 917504K
  class space    used 9585K, committed 9920K, reserved 851968K
}
Event: 26.962 GC heap after
{Heap after GC invocations=11 (full 3):
 PSYoungGen      total 140288K, used 7180K [0x00000007aab00000, 0x00000007b5080000, 0x0000000800000000)
  eden space 118272K, 0% used [0x00000007aab00000,0x00000007aab00000,0x00000007b1e80000)
  from space 22016K, 32% used [0x00000007b3b00000,0x00000007b4203328,0x00000007b5080000)
  to   space 25600K, 0% used [0x00000007b1e80000,0x00000007b1e80000,0x00000007b3780000)
 ParOldGen       total 173568K, used 54271K [0x0000000700000000, 0x000000070a980000, 0x00000007aab00000)
  object space 173568K, 31% used [0x0000000700000000,0x00000007034ffe38,0x000000070a980000)
 Metaspace       used 68624K, committed 69376K, reserved 917504K
  class space    used 9585K, committed 9920K, reserved 851968K
}

