# JRE version: Java(TM) SE Runtime Environment (17.0.12+8) (build 17.0.12+8-LTS-286)
# Java VM: Java HotSpot(TM) 64-Bit Server VM (17.0.12+8-LTS-286, mixed mode, sharing, tiered, compressed oops, compressed class ptrs, parallel gc, windows-amd64)
GC Precious Log:
 CPUs: 16 total, 16 available
 Memory: 16221M
 Large Page Support: Disabled
 NUMA Support: Disabled
 Compressed Oops: Enabled (Zero based)
 Alignments: Space 512K, Generation 512K, Heap 2M
 Heap Min Capacity: 8M
 Heap Initial Capacity: 254M
 Heap Max Capacity: 4G
 Pre-touch: Disabled
 Parallel Workers: 13
Heap:
 PSYoungGen      total 245760K, used 60728K [0x00000007aab00000, 0x00000007c1600000, 0x0000000800000000)
  eden space 205824K, 10% used [0x00000007aab00000,0x00000007abf4e268,0x00000007b7400000)
  from space 39936K, 100% used [0x00000007b7400000,0x00000007b9b00000,0x00000007b9b00000)
  to   space 68096K, 0% used [0x00000007bd380000,0x00000007bd380000,0x00000007c1600000)
 ParOldGen       total 315904K, used 235396K [0x0000000700000000, 0x0000000713480000, 0x00000007aab00000)
  object space 315904K, 74% used [0x0000000700000000,0x000000070e5e1398,0x0000000713480000)
 Metaspace       used 130958K, committed 132736K, reserved 983040K
  class space    used 17943K, committed 18816K, reserved 851968K
GC Heap History (20 events):
Event: 30.509 GC heap before
{Heap before GC invocations=13 (full 3):
 PSYoungGen      total 266240K, used 266239K [0x00000007aab00000, 0x00000007bd100000, 0x0000000800000000)
  eden space 239616K, 100% used [0x00000007aab00000,0x00000007b9500000,0x00000007b9500000)
  from space 26624K, 99% used [0x00000007b9f00000,0x00000007bb8ffc48,0x00000007bb900000)
  to   space 24576K, 0% used [0x00000007bb900000,0x00000007bb900000,0x00000007bd100000)
 ParOldGen       total 173568K, used 54967K [0x0000000700000000, 0x000000070a980000, 0x00000007aab00000)
  object space 173568K, 31% used [0x0000000700000000,0x00000007035ade80,0x000000070a980000)
 Metaspace       used 89928K, committed 90880K, reserved 983040K
  class space    used 12444K, committed 12928K, reserved 851968K
}
Event: 30.522 GC heap after
{Heap after GC invocations=13 (full 3):
 PSYoungGen      total 254976K, used 24564K [0x00000007aab00000, 0x00000007bdd00000, 0x0000000800000000)
  eden space 230400K, 0% used [0x00000007aab00000,0x00000007aab00000,0x00000007b8c00000)
  from space 24576K, 99% used [0x00000007bb900000,0x00000007bd0fd1b0,0x00000007bd100000)
  to   space 41472K, 0% used [0x00000007b8c00000,0x00000007b8c00000,0x00000007bb480000)
 ParOldGen       total 173568K, used 79387K [0x0000000700000000, 0x000000070a980000, 0x00000007aab00000)
  object space 173568K, 45% used [0x0000000700000000,0x0000000704d86c38,0x000000070a980000)
 Metaspace       used 89928K, committed 90880K, reserved 983040K
  class space    used 12444K, committed 12928K, reserved 851968K
}
Event: 32.662 GC heap before
{Heap before GC invocations=14 (full 3):
 PSYoungGen      total 254976K, used 159403K [0x00000007aab00000, 0x00000007bdd00000, 0x0000000800000000)
  eden space 230400K, 58% used [0x00000007aab00000,0x00000007b2eadb28,0x00000007b8c00000)
  from space 24576K, 99% used [0x00000007bb900000,0x00000007bd0fd1b0,0x00000007bd100000)
  to   space 41472K, 0% used [0x00000007b8c00000,0x00000007b8c00000,0x00000007bb480000)
 ParOldGen       total 173568K, used 79387K [0x0000000700000000, 0x000000070a980000, 0x00000007aab00000)
  object space 173568K, 45% used [0x0000000700000000,0x0000000704d86c38,0x000000070a980000)
 Metaspace       used 98702K, committed 99648K, reserved 983040K
  class space    used 13559K, committed 14016K, reserved 851968K
}
Event: 32.671 GC heap after
{Heap after GC invocations=14 (full 3):
 PSYoungGen      total 240128K, used 9272K [0x00000007aab00000, 0x00000007bdc00000, 0x0000000800000000)
  eden space 230400K, 0% used [0x00000007aab00000,0x00000007aab00000,0x00000007b8c00000)
  from space 9728K, 95% used [0x00000007b8c00000,0x00000007b950e088,0x00000007b9580000)
  to   space 40960K, 0% used [0x00000007bb400000,0x00000007bb400000,0x00000007bdc00000)
 ParOldGen       total 173568K, used 103915K [0x0000000700000000, 0x000000070a980000, 0x00000007aab00000)
  object space 173568K, 59% used [0x0000000700000000,0x000000070657afc8,0x000000070a980000)
 Metaspace       used 98702K, committed 99648K, reserved 983040K
  class space    used 13559K, committed 14016K, reserved 851968K
}
Event: 32.671 GC heap before
{Heap before GC invocations=15 (full 4):
 PSYoungGen      total 240128K, used 9272K [0x00000007aab00000, 0x00000007bdc00000, 0x0000000800000000)
  eden space 230400K, 0% used [0x00000007aab00000,0x00000007aab00000,0x00000007b8c00000)
  from space 9728K, 95% used [0x00000007b8c00000,0x00000007b950e088,0x00000007b9580000)
  to   space 40960K, 0% used [0x00000007bb400000,0x00000007bb400000,0x00000007bdc00000)
 ParOldGen       total 173568K, used 103915K [0x0000000700000000, 0x000000070a980000, 0x00000007aab00000)
  object space 173568K, 59% used [0x0000000700000000,0x000000070657afc8,0x000000070a980000)
 Metaspace       used 98702K, committed 99648K, reserved 983040K
  class space    used 13559K, committed 14016K, reserved 851968K
}
Event: 32.743 GC heap after
{Heap after GC invocations=15 (full 4):
 PSYoungGen      total 240128K, used 0K [0x00000007aab00000, 0x00000007bdc00000, 0x0000000800000000)
  eden space 230400K, 0% used [0x00000007aab00000,0x00000007aab00000,0x00000007b8c00000)
  from space 9728K, 0% used [0x00000007b8c00000,0x00000007b8c00000,0x00000007b9580000)
  to   space 40960K, 0% used [0x00000007bb400000,0x00000007bb400000,0x00000007bdc00000)
 ParOldGen       total 173568K, used 106488K [0x0000000700000000, 0x000000070a980000, 0x00000007aab00000)
  object space 173568K, 61% used [0x0000000700000000,0x00000007067fe108,0x000000070a980000)
 Metaspace       used 98702K, committed 99648K, reserved 983040K
  class space    used 13559K, committed 14016K, reserved 851968K
}
Event: 36.494 GC heap before
{Heap before GC invocations=16 (full 4):
 PSYoungGen      total 240128K, used 230400K [0x00000007aab00000, 0x00000007bdc00000, 0x0000000800000000)
  eden space 230400K, 100% used [0x00000007aab00000,0x00000007b8c00000,0x00000007b8c00000)
  from space 9728K, 0% used [0x00000007b8c00000,0x00000007b8c00000,0x00000007b9580000)
  to   space 40960K, 0% used [0x00000007bb400000,0x00000007bb400000,0x00000007bdc00000)
 ParOldGen       total 173568K, used 106488K [0x0000000700000000, 0x000000070a980000, 0x00000007aab00000)
  object space 173568K, 61% used [0x0000000700000000,0x00000007067fe108,0x000000070a980000)
 Metaspace       used 110201K, committed 111232K, reserved 983040K
  class space    used 15316K, committed 15808K, reserved 851968K
}
Event: 36.499 GC heap after
{Heap after GC invocations=16 (full 4):
 PSYoungGen      total 250880K, used 12600K [0x00000007aab00000, 0x00000007bd080000, 0x0000000800000000)
  eden space 221696K, 0% used [0x00000007aab00000,0x00000007aab00000,0x00000007b8380000)
  from space 29184K, 43% used [0x00000007bb400000,0x00000007bc04e100,0x00000007bd080000)
  to   space 39424K, 0% used [0x00000007b8380000,0x00000007b8380000,0x00000007baa00000)
 ParOldGen       total 173568K, used 106496K [0x0000000700000000, 0x000000070a980000, 0x00000007aab00000)
  object space 173568K, 61% used [0x0000000700000000,0x0000000706800108,0x000000070a980000)
 Metaspace       used 110201K, committed 111232K, reserved 983040K
  class space    used 15316K, committed 15808K, reserved 851968K
}
Event: 43.961 GC heap before
{Heap before GC invocations=17 (full 4):
 PSYoungGen      total 250880K, used 234296K [0x00000007aab00000, 0x00000007bd080000, 0x0000000800000000)
  eden space 221696K, 100% used [0x00000007aab00000,0x00000007b8380000,0x00000007b8380000)
  from space 29184K, 43% used [0x00000007bb400000,0x00000007bc04e100,0x00000007bd080000)
  to   space 39424K, 0% used [0x00000007b8380000,0x00000007b8380000,0x00000007baa00000)
 ParOldGen       total 173568K, used 106496K [0x0000000700000000, 0x000000070a980000, 0x00000007aab00000)
  object space 173568K, 61% used [0x0000000700000000,0x0000000706800108,0x000000070a980000)
 Metaspace       used 119816K, committed 121024K, reserved 983040K
  class space    used 16692K, committed 17280K, reserved 851968K
}
Event: 43.973 GC heap after
{Heap after GC invocations=17 (full 4):
 PSYoungGen      total 232960K, used 19275K [0x00000007aab00000, 0x00000007bc580000, 0x0000000800000000)
  eden space 213504K, 0% used [0x00000007aab00000,0x00000007aab00000,0x00000007b7b80000)
  from space 19456K, 99% used [0x00000007b8380000,0x00000007b9652e98,0x00000007b9680000)
  to   space 37888K, 0% used [0x00000007ba080000,0x00000007ba080000,0x00000007bc580000)
 ParOldGen       total 173568K, used 118115K [0x0000000700000000, 0x000000070a980000, 0x00000007aab00000)
  object space 173568K, 68% used [0x0000000700000000,0x0000000707358ee8,0x000000070a980000)
 Metaspace       used 119816K, committed 121024K, reserved 983040K
  class space    used 16692K, committed 17280K, reserved 851968K
}
Event: 47.101 GC heap before
{Heap before GC invocations=18 (full 4):
 PSYoungGen      total 232960K, used 232779K [0x00000007aab00000, 0x00000007bc580000, 0x0000000800000000)
  eden space 213504K, 100% used [0x00000007aab00000,0x00000007b7b80000,0x00000007b7b80000)
  from space 19456K, 99% used [0x00000007b8380000,0x00000007b9652e98,0x00000007b9680000)
  to   space 37888K, 0% used [0x00000007ba080000,0x00000007ba080000,0x00000007bc580000)
 ParOldGen       total 173568K, used 118115K [0x0000000700000000, 0x000000070a980000, 0x00000007aab00000)
  object space 173568K, 68% used [0x0000000700000000,0x0000000707358ee8,0x000000070a980000)
 Metaspace       used 123102K, committed 124416K, reserved 983040K
  class space    used 17051K, committed 17728K, reserved 851968K
}
Event: 47.118 GC heap after
{Heap after GC invocations=18 (full 4):
 PSYoungGen      total 243712K, used 35154K [0x00000007aab00000, 0x00000007bc700000, 0x0000000800000000)
  eden space 205824K, 0% used [0x00000007aab00000,0x00000007aab00000,0x00000007b7400000)
  from space 37888K, 92% used [0x00000007ba080000,0x00000007bc2d4a88,0x00000007bc580000)
  to   space 42496K, 0% used [0x00000007b7400000,0x00000007b7400000,0x00000007b9d80000)
 ParOldGen       total 173568K, used 136203K [0x0000000700000000, 0x000000070a980000, 0x00000007aab00000)
  object space 173568K, 78% used [0x0000000700000000,0x0000000708502d90,0x000000070a980000)
 Metaspace       used 123102K, committed 124416K, reserved 983040K
  class space    used 17051K, committed 17728K, reserved 851968K
}
Event: 49.608 GC heap before
{Heap before GC invocations=19 (full 4):
 PSYoungGen      total 243712K, used 240978K [0x00000007aab00000, 0x00000007bc700000, 0x0000000800000000)
  eden space 205824K, 100% used [0x00000007aab00000,0x00000007b7400000,0x00000007b7400000)
  from space 37888K, 92% used [0x00000007ba080000,0x00000007bc2d4a88,0x00000007bc580000)
  to   space 42496K, 0% used [0x00000007b7400000,0x00000007b7400000,0x00000007b9d80000)
 ParOldGen       total 173568K, used 136203K [0x0000000700000000, 0x000000070a980000, 0x00000007aab00000)
  object space 173568K, 78% used [0x0000000700000000,0x0000000708502d90,0x000000070a980000)
 Metaspace       used 124461K, committed 125952K, reserved 983040K
  class space    used 17196K, committed 17920K, reserved 851968K
}
Event: 49.631 GC heap after
{Heap after GC invocations=19 (full 4):
 PSYoungGen      total 238080K, used 39712K [0x00000007aab00000, 0x00000007bc980000, 0x0000000800000000)
  eden space 198144K, 0% used [0x00000007aab00000,0x00000007aab00000,0x00000007b6c80000)
  from space 39936K, 99% used [0x00000007b7400000,0x00000007b9ac8010,0x00000007b9b00000)
  to   space 47616K, 0% used [0x00000007b9b00000,0x00000007b9b00000,0x00000007bc980000)
 ParOldGen       total 173568K, used 169276K [0x0000000700000000, 0x000000070a980000, 0x00000007aab00000)
  object space 173568K, 97% used [0x0000000700000000,0x000000070a54f120,0x000000070a980000)
 Metaspace       used 124461K, committed 125952K, reserved 983040K
  class space    used 17196K, committed 17920K, reserved 851968K
}
Event: 49.631 GC heap before
{Heap before GC invocations=20 (full 5):
 PSYoungGen      total 238080K, used 39712K [0x00000007aab00000, 0x00000007bc980000, 0x0000000800000000)
  eden space 198144K, 0% used [0x00000007aab00000,0x00000007aab00000,0x00000007b6c80000)
  from space 39936K, 99% used [0x00000007b7400000,0x00000007b9ac8010,0x00000007b9b00000)
  to   space 47616K, 0% used [0x00000007b9b00000,0x00000007b9b00000,0x00000007bc980000)
 ParOldGen       total 173568K, used 169276K [0x0000000700000000, 0x000000070a980000, 0x00000007aab00000)
  object space 173568K, 97% used [0x0000000700000000,0x000000070a54f120,0x000000070a980000)
 Metaspace       used 124461K, committed 125952K, reserved 983040K
  class space    used 17196K, committed 17920K, reserved 851968K
}
Event: 49.821 GC heap after
{Heap after GC invocations=20 (full 5):
 PSYoungGen      total 245760K, used 28206K [0x00000007aab00000, 0x00000007bef00000, 0x0000000800000000)
  eden space 205824K, 0% used [0x00000007aab00000,0x00000007aab00000,0x00000007b7400000)
  from space 39936K, 70% used [0x00000007b7400000,0x00000007b8f8b8a8,0x00000007b9b00000)
  to   space 47616K, 0% used [0x00000007bc080000,0x00000007bc080000,0x00000007bef00000)
 ParOldGen       total 315904K, used 173477K [0x0000000700000000, 0x0000000713480000, 0x00000007aab00000)
  object space 315904K, 54% used [0x0000000700000000,0x000000070a969678,0x0000000713480000)
 Metaspace       used 124461K, committed 125952K, reserved 983040K
  class space    used 17196K, committed 17920K, reserved 851968K
}
Event: 52.267 GC heap before
{Heap before GC invocations=21 (full 5):
 PSYoungGen      total 245760K, used 234030K [0x00000007aab00000, 0x00000007bef00000, 0x0000000800000000)
  eden space 205824K, 100% used [0x00000007aab00000,0x00000007b7400000,0x00000007b7400000)
  from space 39936K, 70% used [0x00000007b7400000,0x00000007b8f8b8a8,0x00000007b9b00000)
  to   space 47616K, 0% used [0x00000007bc080000,0x00000007bc080000,0x00000007bef00000)
 ParOldGen       total 315904K, used 173477K [0x0000000700000000, 0x0000000713480000, 0x00000007aab00000)
  object space 315904K, 54% used [0x0000000700000000,0x000000070a969678,0x0000000713480000)
 Metaspace       used 125592K, committed 127232K, reserved 983040K
  class space    used 17361K, committed 18176K, reserved 851968K
}
Event: 54.316 GC heap after
{Heap after GC invocations=21 (full 5):
 PSYoungGen      total 253440K, used 39520K [0x00000007aab00000, 0x00000007bef00000, 0x0000000800000000)
  eden space 205824K, 0% used [0x00000007aab00000,0x00000007aab00000,0x00000007b7400000)
  from space 47616K, 82% used [0x00000007bc080000,0x00000007be718030,0x00000007bef00000)
  to   space 39936K, 0% used [0x00000007b7400000,0x00000007b7400000,0x00000007b9b00000)
 ParOldGen       total 315904K, used 199869K [0x0000000700000000, 0x0000000713480000, 0x00000007aab00000)
  object space 315904K, 63% used [0x0000000700000000,0x000000070c32f748,0x0000000713480000)
 Metaspace       used 125592K, committed 127232K, reserved 983040K
  class space    used 17361K, committed 18176K, reserved 851968K
}
Event: 58.563 GC heap before
{Heap before GC invocations=22 (full 5):
 PSYoungGen      total 253440K, used 245344K [0x00000007aab00000, 0x00000007bef00000, 0x0000000800000000)
  eden space 205824K, 100% used [0x00000007aab00000,0x00000007b7400000,0x00000007b7400000)
  from space 47616K, 82% used [0x00000007bc080000,0x00000007be718030,0x00000007bef00000)
  to   space 39936K, 0% used [0x00000007b7400000,0x00000007b7400000,0x00000007b9b00000)
 ParOldGen       total 315904K, used 199869K [0x0000000700000000, 0x0000000713480000, 0x00000007aab00000)
  object space 315904K, 63% used [0x0000000700000000,0x000000070c32f748,0x0000000713480000)
 Metaspace       used 129885K, committed 131648K, reserved 983040K
  class space    used 17766K, committed 18624K, reserved 851968K
}
Event: 58.587 GC heap after
{Heap after GC invocations=22 (full 5):
 PSYoungGen      total 245760K, used 39936K [0x00000007aab00000, 0x00000007c1600000, 0x0000000800000000)
  eden space 205824K, 0% used [0x00000007aab00000,0x00000007aab00000,0x00000007b7400000)
  from space 39936K, 100% used [0x00000007b7400000,0x00000007b9b00000,0x00000007b9b00000)
  to   space 68096K, 0% used [0x00000007bd380000,0x00000007bd380000,0x00000007c1600000)
 ParOldGen       total 315904K, used 235396K [0x0000000700000000, 0x0000000713480000, 0x00000007aab00000)
  object space 315904K, 74% used [0x0000000700000000,0x000000070e5e1398,0x0000000713480000)
 Metaspace       used 129885K, committed 131648K, reserved 983040K
  class space    used 17766K, committed 18624K, reserved 851968K
}

