# JRE version: OpenJDK Runtime Environment Microsoft-13106358 (17.0.18+8) (build 17.0.18+8-LTS)
# Java VM: OpenJDK 64-Bit Server VM Microsoft-13106358 (17.0.18+8-LTS, mixed mode, sharing, tiered, compressed oops, compressed class ptrs, parallel gc, windows-amd64)
GC Precious Log:
 CPUs: 16 total, 16 available
 Memory: 16221M
 Large Page Support: Disabled
 NUMA Support: Disabled
 Compressed Oops: Enabled (Zero based)
 Alignments: Space 512K, Generation 512K, Heap 2M
 Heap Min Capacity: 8M
 Heap Initial Capacity: 254M
 Heap Max Capacity: 4G
 Pre-touch: Disabled
 Parallel Workers: 13
Heap:
 PSYoungGen      total 805376K, used 269712K [0x00000007aab00000, 0x00000007f9f00000, 0x0000000800000000)
  eden space 736768K, 36% used [0x00000007aab00000,0x00000007bb2642c8,0x00000007d7a80000)
  from space 68608K, 0% used [0x00000007f5c00000,0x00000007f5c00000,0x00000007f9f00000)
  to   space 67584K, 0% used [0x00000007d7a80000,0x00000007d7a80000,0x00000007dbc80000)
 ParOldGen       total 491520K, used 293133K [0x0000000700000000, 0x000000071e000000, 0x00000007aab00000)
  object space 491520K, 59% used [0x0000000700000000,0x0000000711e435e0,0x000000071e000000)
 Metaspace       used 163774K, committed 165824K, reserved 1048576K
  class space    used 22236K, committed 23232K, reserved 851968K
GC Heap History (20 events):
Event: 42.409 GC heap before
{Heap before GC invocations=9 (full 2):
 PSYoungGen      total 288768K, used 260096K [0x00000007aab00000, 0x00000007be300000, 0x0000000800000000)
  eden space 260096K, 100% used [0x00000007aab00000,0x00000007ba900000,0x00000007ba900000)
  from space 28672K, 0% used [0x00000007bc700000,0x00000007bc700000,0x00000007be300000)
  to   space 29696K, 0% used [0x00000007ba900000,0x00000007ba900000,0x00000007bc600000)
 ParOldGen       total 173568K, used 57375K [0x0000000700000000, 0x000000070a980000, 0x00000007aab00000)
  object space 173568K, 33% used [0x0000000700000000,0x0000000703807d08,0x000000070a980000)
 Metaspace       used 48893K, committed 49472K, reserved 917504K
  class space    used 6938K, committed 7232K, reserved 851968K
}
Event: 42.417 GC heap after
{Heap after GC invocations=9 (full 2):
 PSYoungGen      total 289792K, used 17438K [0x00000007aab00000, 0x00000007cde00000, 0x0000000800000000)
  eden space 260096K, 0% used [0x00000007aab00000,0x00000007aab00000,0x00000007ba900000)
  from space 29696K, 58% used [0x00000007ba900000,0x00000007bba07bc0,0x00000007bc600000)
  to   space 28160K, 0% used [0x00000007cc280000,0x00000007cc280000,0x00000007cde00000)
 ParOldGen       total 173568K, used 57383K [0x0000000700000000, 0x000000070a980000, 0x00000007aab00000)
  object space 173568K, 33% used [0x0000000700000000,0x0000000703809d08,0x000000070a980000)
 Metaspace       used 48893K, committed 49472K, reserved 917504K
  class space    used 6938K, committed 7232K, reserved 851968K
}
Event: 48.811 GC heap before
{Heap before GC invocations=10 (full 2):
 PSYoungGen      total 289792K, used 277534K [0x00000007aab00000, 0x00000007cde00000, 0x0000000800000000)
  eden space 260096K, 100% used [0x00000007aab00000,0x00000007ba900000,0x00000007ba900000)
  from space 29696K, 58% used [0x00000007ba900000,0x00000007bba07bc0,0x00000007bc600000)
  to   space 28160K, 0% used [0x00000007cc280000,0x00000007cc280000,0x00000007cde00000)
 ParOldGen       total 173568K, used 57383K [0x0000000700000000, 0x000000070a980000, 0x00000007aab00000)
  object space 173568K, 33% used [0x0000000700000000,0x0000000703809d08,0x000000070a980000)
 Metaspace       used 59104K, committed 59776K, reserved 917504K
  class space    used 8161K, committed 8512K, reserved 851968K
}
Event: 48.826 GC heap after
{Heap after GC invocations=10 (full 2):
 PSYoungGen      total 539136K, used 28134K [0x00000007aab00000, 0x00000007cf000000, 0x0000000800000000)
  eden space 510976K, 0% used [0x00000007aab00000,0x00000007aab00000,0x00000007c9e00000)
  from space 28160K, 99% used [0x00000007cc280000,0x00000007cddf9a18,0x00000007cde00000)
  to   space 37376K, 0% used [0x00000007c9e00000,0x00000007c9e00000,0x00000007cc280000)
 ParOldGen       total 173568K, used 70790K [0x0000000700000000, 0x000000070a980000, 0x00000007aab00000)
  object space 173568K, 40% used [0x0000000700000000,0x0000000704521b70,0x000000070a980000)
 Metaspace       used 59104K, committed 59776K, reserved 917504K
  class space    used 8161K, committed 8512K, reserved 851968K
}
Event: 48.826 GC heap before
{Heap before GC invocations=11 (full 3):
 PSYoungGen      total 539136K, used 28134K [0x00000007aab00000, 0x00000007cf000000, 0x0000000800000000)
  eden space 510976K, 0% used [0x00000007aab00000,0x00000007aab00000,0x00000007c9e00000)
  from space 28160K, 99% used [0x00000007cc280000,0x00000007cddf9a18,0x00000007cde00000)
  to   space 37376K, 0% used [0x00000007c9e00000,0x00000007c9e00000,0x00000007cc280000)
 ParOldGen       total 173568K, used 70790K [0x0000000700000000, 0x000000070a980000, 0x00000007aab00000)
  object space 173568K, 40% used [0x0000000700000000,0x0000000704521b70,0x000000070a980000)
 Metaspace       used 59104K, committed 59776K, reserved 917504K
  class space    used 8161K, committed 8512K, reserved 851968K
}
Event: 48.906 GC heap after
{Heap after GC invocations=11 (full 3):
 PSYoungGen      total 539136K, used 0K [0x00000007aab00000, 0x00000007cf000000, 0x0000000800000000)
  eden space 510976K, 0% used [0x00000007aab00000,0x00000007aab00000,0x00000007c9e00000)
  from space 28160K, 0% used [0x00000007cc280000,0x00000007cc280000,0x00000007cde00000)
  to   space 37376K, 0% used [0x00000007c9e00000,0x00000007c9e00000,0x00000007cc280000)
 ParOldGen       total 173568K, used 97497K [0x0000000700000000, 0x000000070a980000, 0x00000007aab00000)
  object space 173568K, 56% used [0x0000000700000000,0x0000000705f36638,0x000000070a980000)
 Metaspace       used 59049K, committed 59776K, reserved 917504K
  class space    used 8148K, committed 8512K, reserved 851968K
}
Event: 58.591 GC heap before
{Heap before GC invocations=12 (full 3):
 PSYoungGen      total 539136K, used 510976K [0x00000007aab00000, 0x00000007cf000000, 0x0000000800000000)
  eden space 510976K, 100% used [0x00000007aab00000,0x00000007c9e00000,0x00000007c9e00000)
  from space 28160K, 0% used [0x00000007cc280000,0x00000007cc280000,0x00000007cde00000)
  to   space 37376K, 0% used [0x00000007c9e00000,0x00000007c9e00000,0x00000007cc280000)
 ParOldGen       total 173568K, used 97497K [0x0000000700000000, 0x000000070a980000, 0x00000007aab00000)
  object space 173568K, 56% used [0x0000000700000000,0x0000000705f36638,0x000000070a980000)
 Metaspace       used 86691K, committed 87680K, reserved 983040K
  class space    used 12308K, committed 12800K, reserved 851968K
}
Event: 58.609 GC heap after
{Heap after GC invocations=12 (full 3):
 PSYoungGen      total 521728K, used 33153K [0x00000007aab00000, 0x00000007cd800000, 0x0000000800000000)
  eden space 488448K, 0% used [0x00000007aab00000,0x00000007aab00000,0x00000007c8800000)
  from space 33280K, 99% used [0x00000007c9e00000,0x00000007cbe60590,0x00000007cbe80000)
  to   space 26112K, 0% used [0x00000007cbe80000,0x00000007cbe80000,0x00000007cd800000)
 ParOldGen       total 173568K, used 97505K [0x0000000700000000, 0x000000070a980000, 0x00000007aab00000)
  object space 173568K, 56% used [0x0000000700000000,0x0000000705f38638,0x000000070a980000)
 Metaspace       used 86691K, committed 87680K, reserved 983040K
  class space    used 12308K, committed 12800K, reserved 851968K
}
Event: 66.065 GC heap before
{Heap before GC invocations=13 (full 3):
 PSYoungGen      total 521728K, used 488082K [0x00000007aab00000, 0x00000007cd800000, 0x0000000800000000)
  eden space 488448K, 93% used [0x00000007aab00000,0x00000007c67445f8,0x00000007c8800000)
  from space 33280K, 99% used [0x00000007c9e00000,0x00000007cbe60590,0x00000007cbe80000)
  to   space 26112K, 0% used [0x00000007cbe80000,0x00000007cbe80000,0x00000007cd800000)
 ParOldGen       total 173568K, used 97505K [0x0000000700000000, 0x000000070a980000, 0x00000007aab00000)
  object space 173568K, 56% used [0x0000000700000000,0x0000000705f38638,0x000000070a980000)
 Metaspace       used 98590K, committed 99648K, reserved 983040K
  class space    used 13664K, committed 14144K, reserved 851968K
}
Event: 66.084 GC heap after
{Heap after GC invocations=13 (full 3):
 PSYoungGen      total 514560K, used 26107K [0x00000007aab00000, 0x00000007cef00000, 0x0000000800000000)
  eden space 488448K, 0% used [0x00000007aab00000,0x00000007aab00000,0x00000007c8800000)
  from space 26112K, 99% used [0x00000007cbe80000,0x00000007cd7fec70,0x00000007cd800000)
  to   space 52736K, 0% used [0x00000007c8800000,0x00000007c8800000,0x00000007cbb80000)
 ParOldGen       total 173568K, used 130418K [0x0000000700000000, 0x000000070a980000, 0x00000007aab00000)
  object space 173568K, 75% used [0x0000000700000000,0x0000000707f5c8b0,0x000000070a980000)
 Metaspace       used 98590K, committed 99648K, reserved 983040K
  class space    used 13664K, committed 14144K, reserved 851968K
}
Event: 66.084 GC heap before
{Heap before GC invocations=14 (full 4):
 PSYoungGen      total 514560K, used 26107K [0x00000007aab00000, 0x00000007cef00000, 0x0000000800000000)
  eden space 488448K, 0% used [0x00000007aab00000,0x00000007aab00000,0x00000007c8800000)
  from space 26112K, 99% used [0x00000007cbe80000,0x00000007cd7fec70,0x00000007cd800000)
  to   space 52736K, 0% used [0x00000007c8800000,0x00000007c8800000,0x00000007cbb80000)
 ParOldGen       total 173568K, used 130418K [0x0000000700000000, 0x000000070a980000, 0x00000007aab00000)
  object space 173568K, 75% used [0x0000000700000000,0x0000000707f5c8b0,0x000000070a980000)
 Metaspace       used 98590K, committed 99648K, reserved 983040K
  class space    used 13664K, committed 14144K, reserved 851968K
}
Event: 66.168 GC heap after
{Heap after GC invocations=14 (full 4):
 PSYoungGen      total 514560K, used 0K [0x00000007aab00000, 0x00000007cef00000, 0x0000000800000000)
  eden space 488448K, 0% used [0x00000007aab00000,0x00000007aab00000,0x00000007c8800000)
  from space 26112K, 0% used [0x00000007cbe80000,0x00000007cbe80000,0x00000007cd800000)
  to   space 52736K, 0% used [0x00000007c8800000,0x00000007c8800000,0x00000007cbb80000)
 ParOldGen       total 173568K, used 147178K [0x0000000700000000, 0x000000070a980000, 0x00000007aab00000)
  object space 173568K, 84% used [0x0000000700000000,0x0000000708fbab18,0x000000070a980000)
 Metaspace       used 98590K, committed 99648K, reserved 983040K
  class space    used 13664K, committed 14144K, reserved 851968K
}
Event: 84.815 GC heap before
{Heap before GC invocations=15 (full 5):
 PSYoungGen      total 514560K, used 488448K [0x00000007aab00000, 0x00000007cef00000, 0x0000000800000000)
  eden space 488448K, 100% used [0x00000007aab00000,0x00000007c8800000,0x00000007c8800000)
  from space 26112K, 0% used [0x00000007cbe80000,0x00000007cbe80000,0x00000007cd800000)
  to   space 52736K, 0% used [0x00000007c8800000,0x00000007c8800000,0x00000007cbb80000)
 ParOldGen       total 173568K, used 147178K [0x0000000700000000, 0x000000070a980000, 0x00000007aab00000)
  object space 173568K, 84% used [0x0000000700000000,0x0000000708fbab18,0x000000070a980000)
 Metaspace       used 123595K, committed 124800K, reserved 983040K
  class space    used 17192K, committed 17792K, reserved 851968K
}
Event: 84.928 GC heap after
{Heap after GC invocations=15 (full 5):
 PSYoungGen      total 541184K, used 0K [0x00000007aab00000, 0x00000007dfe80000, 0x0000000800000000)
  eden space 488448K, 0% used [0x00000007aab00000,0x00000007aab00000,0x00000007c8800000)
  from space 52736K, 0% used [0x00000007c8800000,0x00000007c8800000,0x00000007cbb80000)
  to   space 52736K, 0% used [0x00000007dcb00000,0x00000007dcb00000,0x00000007dfe80000)
 ParOldGen       total 293376K, used 171022K [0x0000000700000000, 0x0000000711e80000, 0x00000007aab00000)
  object space 293376K, 58% used [0x0000000700000000,0x000000070a703978,0x0000000711e80000)
 Metaspace       used 123595K, committed 124800K, reserved 983040K
  class space    used 17192K, committed 17792K, reserved 851968K
}
Event: 98.024 GC heap before
{Heap before GC invocations=16 (full 5):
 PSYoungGen      total 541184K, used 488448K [0x00000007aab00000, 0x00000007dfe80000, 0x0000000800000000)
  eden space 488448K, 100% used [0x00000007aab00000,0x00000007c8800000,0x00000007c8800000)
  from space 52736K, 0% used [0x00000007c8800000,0x00000007c8800000,0x00000007cbb80000)
  to   space 52736K, 0% used [0x00000007dcb00000,0x00000007dcb00000,0x00000007dfe80000)
 ParOldGen       total 293376K, used 171022K [0x0000000700000000, 0x0000000711e80000, 0x00000007aab00000)
  object space 293376K, 58% used [0x0000000700000000,0x000000070a703978,0x0000000711e80000)
 Metaspace       used 131313K, committed 132800K, reserved 983040K
  class space    used 18262K, committed 19008K, reserved 851968K
}
Event: 98.054 GC heap after
{Heap after GC invocations=16 (full 5):
 PSYoungGen      total 788992K, used 52713K [0x00000007aab00000, 0x00000007dfe80000, 0x0000000800000000)
  eden space 736256K, 0% used [0x00000007aab00000,0x00000007aab00000,0x00000007d7a00000)
  from space 52736K, 99% used [0x00000007dcb00000,0x00000007dfe7a768,0x00000007dfe80000)
  to   space 67584K, 0% used [0x00000007d7a80000,0x00000007d7a80000,0x00000007dbc80000)
 ParOldGen       total 293376K, used 190775K [0x0000000700000000, 0x0000000711e80000, 0x00000007aab00000)
  object space 293376K, 65% used [0x0000000700000000,0x000000070ba4dc48,0x0000000711e80000)
 Metaspace       used 131313K, committed 132800K, reserved 983040K
  class space    used 18262K, committed 19008K, reserved 851968K
}
Event: 109.420 GC heap before
{Heap before GC invocations=17 (full 5):
 PSYoungGen      total 788992K, used 788969K [0x00000007aab00000, 0x00000007dfe80000, 0x0000000800000000)
  eden space 736256K, 100% used [0x00000007aab00000,0x00000007d7a00000,0x00000007d7a00000)
  from space 52736K, 99% used [0x00000007dcb00000,0x00000007dfe7a768,0x00000007dfe80000)
  to   space 67584K, 0% used [0x00000007d7a80000,0x00000007d7a80000,0x00000007dbc80000)
 ParOldGen       total 293376K, used 190775K [0x0000000700000000, 0x0000000711e80000, 0x00000007aab00000)
  object space 293376K, 65% used [0x0000000700000000,0x000000070ba4dc48,0x0000000711e80000)
 Metaspace       used 141755K, committed 143680K, reserved 983040K
  class space    used 19272K, committed 20224K, reserved 851968K
}
Event: 109.779 GC heap after
{Heap after GC invocations=17 (full 5):
 PSYoungGen      total 804352K, used 67570K [0x00000007aab00000, 0x00000007fc500000, 0x0000000800000000)
  eden space 736768K, 0% used [0x00000007aab00000,0x00000007aab00000,0x00000007d7a80000)
  from space 67584K, 99% used [0x00000007d7a80000,0x00000007dbc7cbc8,0x00000007dbc80000)
  to   space 107520K, 0% used [0x00000007f5c00000,0x00000007f5c00000,0x00000007fc500000)
 ParOldGen       total 293376K, used 271109K [0x0000000700000000, 0x0000000711e80000, 0x00000007aab00000)
  object space 293376K, 92% used [0x0000000700000000,0x00000007108c1490,0x0000000711e80000)
 Metaspace       used 141755K, committed 143680K, reserved 983040K
  class space    used 19272K, committed 20224K, reserved 851968K
}
Event: 128.998 GC heap before
{Heap before GC invocations=18 (full 6):
 PSYoungGen      total 804352K, used 804338K [0x00000007aab00000, 0x00000007fc500000, 0x0000000800000000)
  eden space 736768K, 100% used [0x00000007aab00000,0x00000007d7a80000,0x00000007d7a80000)
  from space 67584K, 99% used [0x00000007d7a80000,0x00000007dbc7cbc8,0x00000007dbc80000)
  to   space 107520K, 0% used [0x00000007f5c00000,0x00000007f5c00000,0x00000007fc500000)
 ParOldGen       total 293376K, used 271109K [0x0000000700000000, 0x0000000711e80000, 0x00000007aab00000)
  object space 293376K, 92% used [0x0000000700000000,0x00000007108c1490,0x0000000711e80000)
 Metaspace       used 163624K, committed 165632K, reserved 1048576K
  class space    used 22231K, committed 23232K, reserved 851968K
}
Event: 129.396 GC heap after
{Heap after GC invocations=18 (full 6):
 PSYoungGen      total 805376K, used 70762K [0x00000007aab00000, 0x00000007f9f00000, 0x0000000800000000)
  eden space 736768K, 9% used [0x00000007aab00000,0x00000007af01a980,0x00000007d7a80000)
  from space 68608K, 0% used [0x00000007f5c00000,0x00000007f5c00000,0x00000007f9f00000)
  to   space 67584K, 0% used [0x00000007d7a80000,0x00000007d7a80000,0x00000007dbc80000)
 ParOldGen       total 491520K, used 293133K [0x0000000700000000, 0x000000071e000000, 0x00000007aab00000)
  object space 491520K, 59% used [0x0000000700000000,0x0000000711e435e0,0x000000071e000000)
 Metaspace       used 163624K, committed 165632K, reserved 1048576K
  class space    used 22231K, committed 23232K, reserved 851968K
}

